<?xml version="1.0" encoding="UTF-8"?>
<testng-results ignored="0" total="1099" passed="1099" failed="0" skipped="0">
  <reporter-output>
  </reporter-output>
  <suite started-at="2023-11-22T12:45:23 IST" name="Default suite" finished-at="2023-11-22T12:48:33 IST" duration-ms="190219">
    <groups>
    </groups>
    <test started-at="2023-11-22T12:45:23 IST" name="Default test" finished-at="2023-11-22T12:48:33 IST" duration-ms="190219">
      <class name="fetchPackage.ClassToFetchDetails">
        <test-method is-config="true" signature="runfetchexcel()[pri:0, instance:fetchPackage.ClassToFetchDetails@7674f035]" started-at="2023-11-22T12:45:23 IST" name="runfetchexcel" finished-at="2023-11-22T12:45:25 IST" duration-ms="1408" status="PASS">
          <reporter-output>
          </reporter-output>
        </test-method> <!-- runfetchexcel -->
        <test-method signature="fetchingPaymentDetails(java.lang.String)[pri:0, instance:fetchPackage.ClassToFetchDetails@7674f035]" started-at="2023-11-22T12:45:25 IST" name="fetchingPaymentDetails" data-provider="fetchSubsctiptionId" finished-at="2023-11-22T12:45:28 IST" duration-ms="3241" status="PASS">
          <params>
            <param index="0">
              <value>
                <![CDATA[100604501673]]>
              </value>
            </param>
          </params>
          <reporter-output>
          </reporter-output>
        </test-method> <!-- fetchingPaymentDetails -->
        <test-method signature="fetchingPaymentDetails(java.lang.String)[pri:0, instance:fetchPackage.ClassToFetchDetails@7674f035]" started-at="2023-11-22T12:45:28 IST" name="fetchingPaymentDetails" data-provider="fetchSubsctiptionId" finished-at="2023-11-22T12:45:28 IST" duration-ms="383" status="PASS">
          <params>
            <param index="0">
              <value>
                <![CDATA[100604528966]]>
              </value>
            </param>
          </params>
          <reporter-output>
          </reporter-output>
        </test-method> <!-- fetchingPaymentDetails -->
        <test-method signature="fetchingPaymentDetails(java.lang.String)[pri:0, instance:fetchPackage.ClassToFetchDetails@7674f035]" started-at="2023-11-22T12:45:28 IST" name="fetchingPaymentDetails" data-provider="fetchSubsctiptionId" finished-at="2023-11-22T12:45:29 IST" duration-ms="268" status="PASS">
          <params>
            <param index="0">
              <value>
                <![CDATA[100604530026]]>
              </value>
            </param>
          </params>
          <reporter-output>
          </reporter-output>
        </test-method> <!-- fetchingPaymentDetails -->
        <test-method signature="fetchingPaymentDetails(java.lang.String)[pri:0, instance:fetchPackage.ClassToFetchDetails@7674f035]" started-at="2023-11-22T12:45:29 IST" name="fetchingPaymentDetails" data-provider="fetchSubsctiptionId" finished-at="2023-11-22T12:45:29 IST" duration-ms="197" status="PASS">
          <params>
            <param index="0">
              <value>
                <![CDATA[100604531575]]>
              </value>
            </param>
          </params>
          <reporter-output>
          </reporter-output>
        </test-method> <!-- fetchingPaymentDetails -->
        <test-method signature="fetchingPaymentDetails(java.lang.String)[pri:0, instance:fetchPackage.ClassToFetchDetails@7674f035]" started-at="2023-11-22T12:45:29 IST" name="fetchingPaymentDetails" data-provider="fetchSubsctiptionId" finished-at="2023-11-22T12:45:29 IST" duration-ms="161" status="PASS">
          <params>
            <param index="0">
              <value>
                <![CDATA[100604534811]]>
              </value>
            </param>
          </params>
          <reporter-output>
          </reporter-output>
        </test-method> <!-- fetchingPaymentDetails -->
        <test-method signature="fetchingPaymentDetails(java.lang.String)[pri:0, instance:fetchPackage.ClassToFetchDetails@7674f035]" started-at="2023-11-22T12:45:29 IST" name="fetchingPaymentDetails" data-provider="fetchSubsctiptionId" finished-at="2023-11-22T12:45:29 IST" duration-ms="194" status="PASS">
          <params>
            <param index="0">
              <value>
                <![CDATA[100604537638]]>
              </value>
            </param>
          </params>
          <reporter-output>
          </reporter-output>
        </test-method> <!-- fetchingPaymentDetails -->
        <test-method signature="fetchingPaymentDetails(java.lang.String)[pri:0, instance:fetchPackage.ClassToFetchDetails@7674f035]" started-at="2023-11-22T12:45:29 IST" name="fetchingPaymentDetails" data-provider="fetchSubsctiptionId" finished-at="2023-11-22T12:45:29 IST" duration-ms="205" status="PASS">
          <params>
            <param index="0">
              <value>
                <![CDATA[100604542945]]>
              </value>
            </param>
          </params>
          <reporter-output>
          </reporter-output>
        </test-method> <!-- fetchingPaymentDetails -->
        <test-method signature="fetchingPaymentDetails(java.lang.String)[pri:0, instance:fetchPackage.ClassToFetchDetails@7674f035]" started-at="2023-11-22T12:45:29 IST" name="fetchingPaymentDetails" data-provider="fetchSubsctiptionId" finished-at="2023-11-22T12:45:30 IST" duration-ms="696" status="PASS">
          <params>
            <param index="0">
              <value>
                <![CDATA[100604544305]]>
              </value>
            </param>
          </params>
          <reporter-output>
          </reporter-output>
        </test-method> <!-- fetchingPaymentDetails -->
        <test-method signature="fetchingPaymentDetails(java.lang.String)[pri:0, instance:fetchPackage.ClassToFetchDetails@7674f035]" started-at="2023-11-22T12:45:30 IST" name="fetchingPaymentDetails" data-provider="fetchSubsctiptionId" finished-at="2023-11-22T12:45:31 IST" duration-ms="695" status="PASS">
          <params>
            <param index="0">
              <value>
                <![CDATA[100604611480]]>
              </value>
            </param>
          </params>
          <reporter-output>
          </reporter-output>
        </test-method> <!-- fetchingPaymentDetails -->
        <test-method signature="fetchingPaymentDetails(java.lang.String)[pri:0, instance:fetchPackage.ClassToFetchDetails@7674f035]" started-at="2023-11-22T12:45:31 IST" name="fetchingPaymentDetails" data-provider="fetchSubsctiptionId" finished-at="2023-11-22T12:45:31 IST" duration-ms="645" status="PASS">
          <params>
            <param index="0">
              <value>
                <![CDATA[100604810765]]>
              </value>
            </param>
          </params>
          <reporter-output>
          </reporter-output>
        </test-method> <!-- fetchingPaymentDetails -->
        <test-method signature="fetchingPaymentDetails(java.lang.String)[pri:0, instance:fetchPackage.ClassToFetchDetails@7674f035]" started-at="2023-11-22T12:45:31 IST" name="fetchingPaymentDetails" data-provider="fetchSubsctiptionId" finished-at="2023-11-22T12:45:32 IST" duration-ms="650" status="PASS">
          <params>
            <param index="0">
              <value>
                <![CDATA[100604873907]]>
              </value>
            </param>
          </params>
          <reporter-output>
          </reporter-output>
        </test-method> <!-- fetchingPaymentDetails -->
        <test-method signature="fetchingPaymentDetails(java.lang.String)[pri:0, instance:fetchPackage.ClassToFetchDetails@7674f035]" started-at="2023-11-22T12:45:32 IST" name="fetchingPaymentDetails" data-provider="fetchSubsctiptionId" finished-at="2023-11-22T12:45:34 IST" duration-ms="1755" status="PASS">
          <params>
            <param index="0">
              <value>
                <![CDATA[100605721300]]>
              </value>
            </param>
          </params>
          <reporter-output>
          </reporter-output>
        </test-method> <!-- fetchingPaymentDetails -->
        <test-method signature="fetchingPaymentDetails(java.lang.String)[pri:0, instance:fetchPackage.ClassToFetchDetails@7674f035]" started-at="2023-11-22T12:45:34 IST" name="fetchingPaymentDetails" data-provider="fetchSubsctiptionId" finished-at="2023-11-22T12:45:35 IST" duration-ms="1114" status="PASS">
          <params>
            <param index="0">
              <value>
                <![CDATA[100605972860]]>
              </value>
            </param>
          </params>
          <reporter-output>
          </reporter-output>
        </test-method> <!-- fetchingPaymentDetails -->
        <test-method signature="fetchingPaymentDetails(java.lang.String)[pri:0, instance:fetchPackage.ClassToFetchDetails@7674f035]" started-at="2023-11-22T12:45:35 IST" name="fetchingPaymentDetails" data-provider="fetchSubsctiptionId" finished-at="2023-11-22T12:45:35 IST" duration-ms="201" status="PASS">
          <params>
            <param index="0">
              <value>
                <![CDATA[100605974794]]>
              </value>
            </param>
          </params>
          <reporter-output>
          </reporter-output>
        </test-method> <!-- fetchingPaymentDetails -->
        <test-method signature="fetchingPaymentDetails(java.lang.String)[pri:0, instance:fetchPackage.ClassToFetchDetails@7674f035]" started-at="2023-11-22T12:45:35 IST" name="fetchingPaymentDetails" data-provider="fetchSubsctiptionId" finished-at="2023-11-22T12:45:35 IST" duration-ms="203" status="PASS">
          <params>
            <param index="0">
              <value>
                <![CDATA[100606046196]]>
              </value>
            </param>
          </params>
          <reporter-output>
          </reporter-output>
        </test-method> <!-- fetchingPaymentDetails -->
        <test-method signature="fetchingPaymentDetails(java.lang.String)[pri:0, instance:fetchPackage.ClassToFetchDetails@7674f035]" started-at="2023-11-22T12:45:35 IST" name="fetchingPaymentDetails" data-provider="fetchSubsctiptionId" finished-at="2023-11-22T12:45:36 IST" duration-ms="331" status="PASS">
          <params>
            <param index="0">
              <value>
                <![CDATA[100606053552]]>
              </value>
            </param>
          </params>
          <reporter-output>
          </reporter-output>
        </test-method> <!-- fetchingPaymentDetails -->
        <test-method signature="fetchingPaymentDetails(java.lang.String)[pri:0, instance:fetchPackage.ClassToFetchDetails@7674f035]" started-at="2023-11-22T12:45:36 IST" name="fetchingPaymentDetails" data-provider="fetchSubsctiptionId" finished-at="2023-11-22T12:45:36 IST" duration-ms="279" status="PASS">
          <params>
            <param index="0">
              <value>
                <![CDATA[100606297234]]>
              </value>
            </param>
          </params>
          <reporter-output>
          </reporter-output>
        </test-method> <!-- fetchingPaymentDetails -->
        <test-method signature="fetchingPaymentDetails(java.lang.String)[pri:0, instance:fetchPackage.ClassToFetchDetails@7674f035]" started-at="2023-11-22T12:45:36 IST" name="fetchingPaymentDetails" data-provider="fetchSubsctiptionId" finished-at="2023-11-22T12:45:36 IST" duration-ms="225" status="PASS">
          <params>
            <param index="0">
              <value>
                <![CDATA[100606339414]]>
              </value>
            </param>
          </params>
          <reporter-output>
          </reporter-output>
        </test-method> <!-- fetchingPaymentDetails -->
        <test-method signature="fetchingPaymentDetails(java.lang.String)[pri:0, instance:fetchPackage.ClassToFetchDetails@7674f035]" started-at="2023-11-22T12:45:36 IST" name="fetchingPaymentDetails" data-provider="fetchSubsctiptionId" finished-at="2023-11-22T12:45:36 IST" duration-ms="180" status="PASS">
          <params>
            <param index="0">
              <value>
                <![CDATA[100606353685]]>
              </value>
            </param>
          </params>
          <reporter-output>
          </reporter-output>
        </test-method> <!-- fetchingPaymentDetails -->
        <test-method signature="fetchingPaymentDetails(java.lang.String)[pri:0, instance:fetchPackage.ClassToFetchDetails@7674f035]" started-at="2023-11-22T12:45:36 IST" name="fetchingPaymentDetails" data-provider="fetchSubsctiptionId" finished-at="2023-11-22T12:45:37 IST" duration-ms="140" status="PASS">
          <params>
            <param index="0">
              <value>
                <![CDATA[100606366389]]>
              </value>
            </param>
          </params>
          <reporter-output>
          </reporter-output>
        </test-method> <!-- fetchingPaymentDetails -->
        <test-method signature="fetchingPaymentDetails(java.lang.String)[pri:0, instance:fetchPackage.ClassToFetchDetails@7674f035]" started-at="2023-11-22T12:45:37 IST" name="fetchingPaymentDetails" data-provider="fetchSubsctiptionId" finished-at="2023-11-22T12:45:37 IST" duration-ms="156" status="PASS">
          <params>
            <param index="0">
              <value>
                <![CDATA[100606381931]]>
              </value>
            </param>
          </params>
          <reporter-output>
          </reporter-output>
        </test-method> <!-- fetchingPaymentDetails -->
        <test-method signature="fetchingPaymentDetails(java.lang.String)[pri:0, instance:fetchPackage.ClassToFetchDetails@7674f035]" started-at="2023-11-22T12:45:37 IST" name="fetchingPaymentDetails" data-provider="fetchSubsctiptionId" finished-at="2023-11-22T12:45:38 IST" duration-ms="1033" status="PASS">
          <params>
            <param index="0">
              <value>
                <![CDATA[100606522366]]>
              </value>
            </param>
          </params>
          <reporter-output>
          </reporter-output>
        </test-method> <!-- fetchingPaymentDetails -->
        <test-method signature="fetchingPaymentDetails(java.lang.String)[pri:0, instance:fetchPackage.ClassToFetchDetails@7674f035]" started-at="2023-11-22T12:45:38 IST" name="fetchingPaymentDetails" data-provider="fetchSubsctiptionId" finished-at="2023-11-22T12:45:38 IST" duration-ms="280" status="PASS">
          <params>
            <param index="0">
              <value>
                <![CDATA[100606548967]]>
              </value>
            </param>
          </params>
          <reporter-output>
          </reporter-output>
        </test-method> <!-- fetchingPaymentDetails -->
        <test-method signature="fetchingPaymentDetails(java.lang.String)[pri:0, instance:fetchPackage.ClassToFetchDetails@7674f035]" started-at="2023-11-22T12:45:38 IST" name="fetchingPaymentDetails" data-provider="fetchSubsctiptionId" finished-at="2023-11-22T12:45:38 IST" duration-ms="281" status="PASS">
          <params>
            <param index="0">
              <value>
                <![CDATA[100606577787]]>
              </value>
            </param>
          </params>
          <reporter-output>
          </reporter-output>
        </test-method> <!-- fetchingPaymentDetails -->
        <test-method signature="fetchingPaymentDetails(java.lang.String)[pri:0, instance:fetchPackage.ClassToFetchDetails@7674f035]" started-at="2023-11-22T12:45:38 IST" name="fetchingPaymentDetails" data-provider="fetchSubsctiptionId" finished-at="2023-11-22T12:45:38 IST" duration-ms="161" status="PASS">
          <params>
            <param index="0">
              <value>
                <![CDATA[100606602326]]>
              </value>
            </param>
          </params>
          <reporter-output>
          </reporter-output>
        </test-method> <!-- fetchingPaymentDetails -->
        <test-method signature="fetchingPaymentDetails(java.lang.String)[pri:0, instance:fetchPackage.ClassToFetchDetails@7674f035]" started-at="2023-11-22T12:45:38 IST" name="fetchingPaymentDetails" data-provider="fetchSubsctiptionId" finished-at="2023-11-22T12:45:39 IST" duration-ms="168" status="PASS">
          <params>
            <param index="0">
              <value>
                <![CDATA[100606646913]]>
              </value>
            </param>
          </params>
          <reporter-output>
          </reporter-output>
        </test-method> <!-- fetchingPaymentDetails -->
        <test-method signature="fetchingPaymentDetails(java.lang.String)[pri:0, instance:fetchPackage.ClassToFetchDetails@7674f035]" started-at="2023-11-22T12:45:39 IST" name="fetchingPaymentDetails" data-provider="fetchSubsctiptionId" finished-at="2023-11-22T12:45:39 IST" duration-ms="168" status="PASS">
          <params>
            <param index="0">
              <value>
                <![CDATA[100606669504]]>
              </value>
            </param>
          </params>
          <reporter-output>
          </reporter-output>
        </test-method> <!-- fetchingPaymentDetails -->
        <test-method signature="fetchingPaymentDetails(java.lang.String)[pri:0, instance:fetchPackage.ClassToFetchDetails@7674f035]" started-at="2023-11-22T12:45:39 IST" name="fetchingPaymentDetails" data-provider="fetchSubsctiptionId" finished-at="2023-11-22T12:45:39 IST" duration-ms="190" status="PASS">
          <params>
            <param index="0">
              <value>
                <![CDATA[100606954232]]>
              </value>
            </param>
          </params>
          <reporter-output>
          </reporter-output>
        </test-method> <!-- fetchingPaymentDetails -->
        <test-method signature="fetchingPaymentDetails(java.lang.String)[pri:0, instance:fetchPackage.ClassToFetchDetails@7674f035]" started-at="2023-11-22T12:45:39 IST" name="fetchingPaymentDetails" data-provider="fetchSubsctiptionId" finished-at="2023-11-22T12:45:39 IST" duration-ms="303" status="PASS">
          <params>
            <param index="0">
              <value>
                <![CDATA[100606995148]]>
              </value>
            </param>
          </params>
          <reporter-output>
          </reporter-output>
        </test-method> <!-- fetchingPaymentDetails -->
        <test-method signature="fetchingPaymentDetails(java.lang.String)[pri:0, instance:fetchPackage.ClassToFetchDetails@7674f035]" started-at="2023-11-22T12:45:39 IST" name="fetchingPaymentDetails" data-provider="fetchSubsctiptionId" finished-at="2023-11-22T12:45:39 IST" duration-ms="187" status="PASS">
          <params>
            <param index="0">
              <value>
                <![CDATA[100607179649]]>
              </value>
            </param>
          </params>
          <reporter-output>
          </reporter-output>
        </test-method> <!-- fetchingPaymentDetails -->
        <test-method signature="fetchingPaymentDetails(java.lang.String)[pri:0, instance:fetchPackage.ClassToFetchDetails@7674f035]" started-at="2023-11-22T12:45:40 IST" name="fetchingPaymentDetails" data-provider="fetchSubsctiptionId" finished-at="2023-11-22T12:45:40 IST" duration-ms="155" status="PASS">
          <params>
            <param index="0">
              <value>
                <![CDATA[100607216475]]>
              </value>
            </param>
          </params>
          <reporter-output>
          </reporter-output>
        </test-method> <!-- fetchingPaymentDetails -->
        <test-method signature="fetchingPaymentDetails(java.lang.String)[pri:0, instance:fetchPackage.ClassToFetchDetails@7674f035]" started-at="2023-11-22T12:45:40 IST" name="fetchingPaymentDetails" data-provider="fetchSubsctiptionId" finished-at="2023-11-22T12:45:40 IST" duration-ms="252" status="PASS">
          <params>
            <param index="0">
              <value>
                <![CDATA[100607262226]]>
              </value>
            </param>
          </params>
          <reporter-output>
          </reporter-output>
        </test-method> <!-- fetchingPaymentDetails -->
        <test-method signature="fetchingPaymentDetails(java.lang.String)[pri:0, instance:fetchPackage.ClassToFetchDetails@7674f035]" started-at="2023-11-22T12:45:40 IST" name="fetchingPaymentDetails" data-provider="fetchSubsctiptionId" finished-at="2023-11-22T12:45:40 IST" duration-ms="188" status="PASS">
          <params>
            <param index="0">
              <value>
                <![CDATA[100607996877]]>
              </value>
            </param>
          </params>
          <reporter-output>
          </reporter-output>
        </test-method> <!-- fetchingPaymentDetails -->
        <test-method signature="fetchingPaymentDetails(java.lang.String)[pri:0, instance:fetchPackage.ClassToFetchDetails@7674f035]" started-at="2023-11-22T12:45:40 IST" name="fetchingPaymentDetails" data-provider="fetchSubsctiptionId" finished-at="2023-11-22T12:45:40 IST" duration-ms="145" status="PASS">
          <params>
            <param index="0">
              <value>
                <![CDATA[100608046012]]>
              </value>
            </param>
          </params>
          <reporter-output>
          </reporter-output>
        </test-method> <!-- fetchingPaymentDetails -->
        <test-method signature="fetchingPaymentDetails(java.lang.String)[pri:0, instance:fetchPackage.ClassToFetchDetails@7674f035]" started-at="2023-11-22T12:45:40 IST" name="fetchingPaymentDetails" data-provider="fetchSubsctiptionId" finished-at="2023-11-22T12:45:40 IST" duration-ms="219" status="PASS">
          <params>
            <param index="0">
              <value>
                <![CDATA[100608067090]]>
              </value>
            </param>
          </params>
          <reporter-output>
          </reporter-output>
        </test-method> <!-- fetchingPaymentDetails -->
        <test-method signature="fetchingPaymentDetails(java.lang.String)[pri:0, instance:fetchPackage.ClassToFetchDetails@7674f035]" started-at="2023-11-22T12:45:40 IST" name="fetchingPaymentDetails" data-provider="fetchSubsctiptionId" finished-at="2023-11-22T12:45:41 IST" duration-ms="174" status="PASS">
          <params>
            <param index="0">
              <value>
                <![CDATA[100608079528]]>
              </value>
            </param>
          </params>
          <reporter-output>
          </reporter-output>
        </test-method> <!-- fetchingPaymentDetails -->
        <test-method signature="fetchingPaymentDetails(java.lang.String)[pri:0, instance:fetchPackage.ClassToFetchDetails@7674f035]" started-at="2023-11-22T12:45:41 IST" name="fetchingPaymentDetails" data-provider="fetchSubsctiptionId" finished-at="2023-11-22T12:45:41 IST" duration-ms="116" status="PASS">
          <params>
            <param index="0">
              <value>
                <![CDATA[100608582594]]>
              </value>
            </param>
          </params>
          <reporter-output>
          </reporter-output>
        </test-method> <!-- fetchingPaymentDetails -->
        <test-method signature="fetchingPaymentDetails(java.lang.String)[pri:0, instance:fetchPackage.ClassToFetchDetails@7674f035]" started-at="2023-11-22T12:45:41 IST" name="fetchingPaymentDetails" data-provider="fetchSubsctiptionId" finished-at="2023-11-22T12:45:41 IST" duration-ms="177" status="PASS">
          <params>
            <param index="0">
              <value>
                <![CDATA[100608598583]]>
              </value>
            </param>
          </params>
          <reporter-output>
          </reporter-output>
        </test-method> <!-- fetchingPaymentDetails -->
        <test-method signature="fetchingPaymentDetails(java.lang.String)[pri:0, instance:fetchPackage.ClassToFetchDetails@7674f035]" started-at="2023-11-22T12:45:41 IST" name="fetchingPaymentDetails" data-provider="fetchSubsctiptionId" finished-at="2023-11-22T12:45:41 IST" duration-ms="152" status="PASS">
          <params>
            <param index="0">
              <value>
                <![CDATA[100608646634]]>
              </value>
            </param>
          </params>
          <reporter-output>
          </reporter-output>
        </test-method> <!-- fetchingPaymentDetails -->
        <test-method signature="fetchingPaymentDetails(java.lang.String)[pri:0, instance:fetchPackage.ClassToFetchDetails@7674f035]" started-at="2023-11-22T12:45:41 IST" name="fetchingPaymentDetails" data-provider="fetchSubsctiptionId" finished-at="2023-11-22T12:45:41 IST" duration-ms="167" status="PASS">
          <params>
            <param index="0">
              <value>
                <![CDATA[100608649945]]>
              </value>
            </param>
          </params>
          <reporter-output>
          </reporter-output>
        </test-method> <!-- fetchingPaymentDetails -->
        <test-method signature="fetchingPaymentDetails(java.lang.String)[pri:0, instance:fetchPackage.ClassToFetchDetails@7674f035]" started-at="2023-11-22T12:45:41 IST" name="fetchingPaymentDetails" data-provider="fetchSubsctiptionId" finished-at="2023-11-22T12:45:41 IST" duration-ms="165" status="PASS">
          <params>
            <param index="0">
              <value>
                <![CDATA[100608689513]]>
              </value>
            </param>
          </params>
          <reporter-output>
          </reporter-output>
        </test-method> <!-- fetchingPaymentDetails -->
        <test-method signature="fetchingPaymentDetails(java.lang.String)[pri:0, instance:fetchPackage.ClassToFetchDetails@7674f035]" started-at="2023-11-22T12:45:41 IST" name="fetchingPaymentDetails" data-provider="fetchSubsctiptionId" finished-at="2023-11-22T12:45:42 IST" duration-ms="332" status="PASS">
          <params>
            <param index="0">
              <value>
                <![CDATA[100608836039]]>
              </value>
            </param>
          </params>
          <reporter-output>
          </reporter-output>
        </test-method> <!-- fetchingPaymentDetails -->
        <test-method signature="fetchingPaymentDetails(java.lang.String)[pri:0, instance:fetchPackage.ClassToFetchDetails@7674f035]" started-at="2023-11-22T12:45:42 IST" name="fetchingPaymentDetails" data-provider="fetchSubsctiptionId" finished-at="2023-11-22T12:45:42 IST" duration-ms="371" status="PASS">
          <params>
            <param index="0">
              <value>
                <![CDATA[100608874174]]>
              </value>
            </param>
          </params>
          <reporter-output>
          </reporter-output>
        </test-method> <!-- fetchingPaymentDetails -->
        <test-method signature="fetchingPaymentDetails(java.lang.String)[pri:0, instance:fetchPackage.ClassToFetchDetails@7674f035]" started-at="2023-11-22T12:45:42 IST" name="fetchingPaymentDetails" data-provider="fetchSubsctiptionId" finished-at="2023-11-22T12:45:42 IST" duration-ms="179" status="PASS">
          <params>
            <param index="0">
              <value>
                <![CDATA[100609748045]]>
              </value>
            </param>
          </params>
          <reporter-output>
          </reporter-output>
        </test-method> <!-- fetchingPaymentDetails -->
        <test-method signature="fetchingPaymentDetails(java.lang.String)[pri:0, instance:fetchPackage.ClassToFetchDetails@7674f035]" started-at="2023-11-22T12:45:42 IST" name="fetchingPaymentDetails" data-provider="fetchSubsctiptionId" finished-at="2023-11-22T12:45:43 IST" duration-ms="241" status="PASS">
          <params>
            <param index="0">
              <value>
                <![CDATA[100609920878]]>
              </value>
            </param>
          </params>
          <reporter-output>
          </reporter-output>
        </test-method> <!-- fetchingPaymentDetails -->
        <test-method signature="fetchingPaymentDetails(java.lang.String)[pri:0, instance:fetchPackage.ClassToFetchDetails@7674f035]" started-at="2023-11-22T12:45:43 IST" name="fetchingPaymentDetails" data-provider="fetchSubsctiptionId" finished-at="2023-11-22T12:45:43 IST" duration-ms="188" status="PASS">
          <params>
            <param index="0">
              <value>
                <![CDATA[100609990607]]>
              </value>
            </param>
          </params>
          <reporter-output>
          </reporter-output>
        </test-method> <!-- fetchingPaymentDetails -->
        <test-method signature="fetchingPaymentDetails(java.lang.String)[pri:0, instance:fetchPackage.ClassToFetchDetails@7674f035]" started-at="2023-11-22T12:45:43 IST" name="fetchingPaymentDetails" data-provider="fetchSubsctiptionId" finished-at="2023-11-22T12:45:43 IST" duration-ms="160" status="PASS">
          <params>
            <param index="0">
              <value>
                <![CDATA[100610198450]]>
              </value>
            </param>
          </params>
          <reporter-output>
          </reporter-output>
        </test-method> <!-- fetchingPaymentDetails -->
        <test-method signature="fetchingPaymentDetails(java.lang.String)[pri:0, instance:fetchPackage.ClassToFetchDetails@7674f035]" started-at="2023-11-22T12:45:43 IST" name="fetchingPaymentDetails" data-provider="fetchSubsctiptionId" finished-at="2023-11-22T12:45:43 IST" duration-ms="182" status="PASS">
          <params>
            <param index="0">
              <value>
                <![CDATA[100610560516]]>
              </value>
            </param>
          </params>
          <reporter-output>
          </reporter-output>
        </test-method> <!-- fetchingPaymentDetails -->
        <test-method signature="fetchingPaymentDetails(java.lang.String)[pri:0, instance:fetchPackage.ClassToFetchDetails@7674f035]" started-at="2023-11-22T12:45:43 IST" name="fetchingPaymentDetails" data-provider="fetchSubsctiptionId" finished-at="2023-11-22T12:45:44 IST" duration-ms="432" status="PASS">
          <params>
            <param index="0">
              <value>
                <![CDATA[100604479719]]>
              </value>
            </param>
          </params>
          <reporter-output>
          </reporter-output>
        </test-method> <!-- fetchingPaymentDetails -->
        <test-method signature="fetchingPaymentDetails(java.lang.String)[pri:0, instance:fetchPackage.ClassToFetchDetails@7674f035]" started-at="2023-11-22T12:45:44 IST" name="fetchingPaymentDetails" data-provider="fetchSubsctiptionId" finished-at="2023-11-22T12:45:44 IST" duration-ms="137" status="PASS">
          <params>
            <param index="0">
              <value>
                <![CDATA[100604500601]]>
              </value>
            </param>
          </params>
          <reporter-output>
          </reporter-output>
        </test-method> <!-- fetchingPaymentDetails -->
        <test-method signature="fetchingPaymentDetails(java.lang.String)[pri:0, instance:fetchPackage.ClassToFetchDetails@7674f035]" started-at="2023-11-22T12:45:44 IST" name="fetchingPaymentDetails" data-provider="fetchSubsctiptionId" finished-at="2023-11-22T12:45:44 IST" duration-ms="338" status="PASS">
          <params>
            <param index="0">
              <value>
                <![CDATA[100604533758]]>
              </value>
            </param>
          </params>
          <reporter-output>
          </reporter-output>
        </test-method> <!-- fetchingPaymentDetails -->
        <test-method signature="fetchingPaymentDetails(java.lang.String)[pri:0, instance:fetchPackage.ClassToFetchDetails@7674f035]" started-at="2023-11-22T12:45:44 IST" name="fetchingPaymentDetails" data-provider="fetchSubsctiptionId" finished-at="2023-11-22T12:45:44 IST" duration-ms="135" status="PASS">
          <params>
            <param index="0">
              <value>
                <![CDATA[100604535259]]>
              </value>
            </param>
          </params>
          <reporter-output>
          </reporter-output>
        </test-method> <!-- fetchingPaymentDetails -->
        <test-method signature="fetchingPaymentDetails(java.lang.String)[pri:0, instance:fetchPackage.ClassToFetchDetails@7674f035]" started-at="2023-11-22T12:45:44 IST" name="fetchingPaymentDetails" data-provider="fetchSubsctiptionId" finished-at="2023-11-22T12:45:44 IST" duration-ms="123" status="PASS">
          <params>
            <param index="0">
              <value>
                <![CDATA[100604596400]]>
              </value>
            </param>
          </params>
          <reporter-output>
          </reporter-output>
        </test-method> <!-- fetchingPaymentDetails -->
        <test-method signature="fetchingPaymentDetails(java.lang.String)[pri:0, instance:fetchPackage.ClassToFetchDetails@7674f035]" started-at="2023-11-22T12:45:44 IST" name="fetchingPaymentDetails" data-provider="fetchSubsctiptionId" finished-at="2023-11-22T12:45:44 IST" duration-ms="130" status="PASS">
          <params>
            <param index="0">
              <value>
                <![CDATA[100605775224]]>
              </value>
            </param>
          </params>
          <reporter-output>
          </reporter-output>
        </test-method> <!-- fetchingPaymentDetails -->
        <test-method signature="fetchingPaymentDetails(java.lang.String)[pri:0, instance:fetchPackage.ClassToFetchDetails@7674f035]" started-at="2023-11-22T12:45:44 IST" name="fetchingPaymentDetails" data-provider="fetchSubsctiptionId" finished-at="2023-11-22T12:45:45 IST" duration-ms="131" status="PASS">
          <params>
            <param index="0">
              <value>
                <![CDATA[100605788123]]>
              </value>
            </param>
          </params>
          <reporter-output>
          </reporter-output>
        </test-method> <!-- fetchingPaymentDetails -->
        <test-method signature="fetchingPaymentDetails(java.lang.String)[pri:0, instance:fetchPackage.ClassToFetchDetails@7674f035]" started-at="2023-11-22T12:45:45 IST" name="fetchingPaymentDetails" data-provider="fetchSubsctiptionId" finished-at="2023-11-22T12:45:45 IST" duration-ms="137" status="PASS">
          <params>
            <param index="0">
              <value>
                <![CDATA[100606249138]]>
              </value>
            </param>
          </params>
          <reporter-output>
          </reporter-output>
        </test-method> <!-- fetchingPaymentDetails -->
        <test-method signature="fetchingPaymentDetails(java.lang.String)[pri:0, instance:fetchPackage.ClassToFetchDetails@7674f035]" started-at="2023-11-22T12:45:45 IST" name="fetchingPaymentDetails" data-provider="fetchSubsctiptionId" finished-at="2023-11-22T12:45:45 IST" duration-ms="132" status="PASS">
          <params>
            <param index="0">
              <value>
                <![CDATA[100606364110]]>
              </value>
            </param>
          </params>
          <reporter-output>
          </reporter-output>
        </test-method> <!-- fetchingPaymentDetails -->
        <test-method signature="fetchingPaymentDetails(java.lang.String)[pri:0, instance:fetchPackage.ClassToFetchDetails@7674f035]" started-at="2023-11-22T12:45:45 IST" name="fetchingPaymentDetails" data-provider="fetchSubsctiptionId" finished-at="2023-11-22T12:45:45 IST" duration-ms="159" status="PASS">
          <params>
            <param index="0">
              <value>
                <![CDATA[100606932334]]>
              </value>
            </param>
          </params>
          <reporter-output>
          </reporter-output>
        </test-method> <!-- fetchingPaymentDetails -->
        <test-method signature="fetchingPaymentDetails(java.lang.String)[pri:0, instance:fetchPackage.ClassToFetchDetails@7674f035]" started-at="2023-11-22T12:45:45 IST" name="fetchingPaymentDetails" data-provider="fetchSubsctiptionId" finished-at="2023-11-22T12:45:45 IST" duration-ms="124" status="PASS">
          <params>
            <param index="0">
              <value>
                <![CDATA[100607775864]]>
              </value>
            </param>
          </params>
          <reporter-output>
          </reporter-output>
        </test-method> <!-- fetchingPaymentDetails -->
        <test-method signature="fetchingPaymentDetails(java.lang.String)[pri:0, instance:fetchPackage.ClassToFetchDetails@7674f035]" started-at="2023-11-22T12:45:45 IST" name="fetchingPaymentDetails" data-provider="fetchSubsctiptionId" finished-at="2023-11-22T12:45:45 IST" duration-ms="189" status="PASS">
          <params>
            <param index="0">
              <value>
                <![CDATA[100608599861]]>
              </value>
            </param>
          </params>
          <reporter-output>
          </reporter-output>
        </test-method> <!-- fetchingPaymentDetails -->
        <test-method signature="fetchingPaymentDetails(java.lang.String)[pri:0, instance:fetchPackage.ClassToFetchDetails@7674f035]" started-at="2023-11-22T12:45:45 IST" name="fetchingPaymentDetails" data-provider="fetchSubsctiptionId" finished-at="2023-11-22T12:45:45 IST" duration-ms="157" status="PASS">
          <params>
            <param index="0">
              <value>
                <![CDATA[100608618110]]>
              </value>
            </param>
          </params>
          <reporter-output>
          </reporter-output>
        </test-method> <!-- fetchingPaymentDetails -->
        <test-method signature="fetchingPaymentDetails(java.lang.String)[pri:0, instance:fetchPackage.ClassToFetchDetails@7674f035]" started-at="2023-11-22T12:45:45 IST" name="fetchingPaymentDetails" data-provider="fetchSubsctiptionId" finished-at="2023-11-22T12:45:46 IST" duration-ms="142" status="PASS">
          <params>
            <param index="0">
              <value>
                <![CDATA[100608924492]]>
              </value>
            </param>
          </params>
          <reporter-output>
          </reporter-output>
        </test-method> <!-- fetchingPaymentDetails -->
        <test-method signature="fetchingPaymentDetails(java.lang.String)[pri:0, instance:fetchPackage.ClassToFetchDetails@7674f035]" started-at="2023-11-22T12:45:46 IST" name="fetchingPaymentDetails" data-provider="fetchSubsctiptionId" finished-at="2023-11-22T12:45:46 IST" duration-ms="135" status="PASS">
          <params>
            <param index="0">
              <value>
                <![CDATA[100609739052]]>
              </value>
            </param>
          </params>
          <reporter-output>
          </reporter-output>
        </test-method> <!-- fetchingPaymentDetails -->
        <test-method signature="fetchingPaymentDetails(java.lang.String)[pri:0, instance:fetchPackage.ClassToFetchDetails@7674f035]" started-at="2023-11-22T12:45:46 IST" name="fetchingPaymentDetails" data-provider="fetchSubsctiptionId" finished-at="2023-11-22T12:45:46 IST" duration-ms="176" status="PASS">
          <params>
            <param index="0">
              <value>
                <![CDATA[100614154849]]>
              </value>
            </param>
          </params>
          <reporter-output>
          </reporter-output>
        </test-method> <!-- fetchingPaymentDetails -->
        <test-method signature="fetchingPaymentDetails(java.lang.String)[pri:0, instance:fetchPackage.ClassToFetchDetails@7674f035]" started-at="2023-11-22T12:45:46 IST" name="fetchingPaymentDetails" data-provider="fetchSubsctiptionId" finished-at="2023-11-22T12:45:46 IST" duration-ms="237" status="PASS">
          <params>
            <param index="0">
              <value>
                <![CDATA[100614457314]]>
              </value>
            </param>
          </params>
          <reporter-output>
          </reporter-output>
        </test-method> <!-- fetchingPaymentDetails -->
        <test-method signature="fetchingPaymentDetails(java.lang.String)[pri:0, instance:fetchPackage.ClassToFetchDetails@7674f035]" started-at="2023-11-22T12:45:46 IST" name="fetchingPaymentDetails" data-provider="fetchSubsctiptionId" finished-at="2023-11-22T12:45:46 IST" duration-ms="237" status="PASS">
          <params>
            <param index="0">
              <value>
                <![CDATA[100614704381]]>
              </value>
            </param>
          </params>
          <reporter-output>
          </reporter-output>
        </test-method> <!-- fetchingPaymentDetails -->
        <test-method signature="fetchingPaymentDetails(java.lang.String)[pri:0, instance:fetchPackage.ClassToFetchDetails@7674f035]" started-at="2023-11-22T12:45:46 IST" name="fetchingPaymentDetails" data-provider="fetchSubsctiptionId" finished-at="2023-11-22T12:45:47 IST" duration-ms="167" status="PASS">
          <params>
            <param index="0">
              <value>
                <![CDATA[100614894067]]>
              </value>
            </param>
          </params>
          <reporter-output>
          </reporter-output>
        </test-method> <!-- fetchingPaymentDetails -->
        <test-method signature="fetchingPaymentDetails(java.lang.String)[pri:0, instance:fetchPackage.ClassToFetchDetails@7674f035]" started-at="2023-11-22T12:45:47 IST" name="fetchingPaymentDetails" data-provider="fetchSubsctiptionId" finished-at="2023-11-22T12:45:47 IST" duration-ms="118" status="PASS">
          <params>
            <param index="0">
              <value>
                <![CDATA[100615323053]]>
              </value>
            </param>
          </params>
          <reporter-output>
          </reporter-output>
        </test-method> <!-- fetchingPaymentDetails -->
        <test-method signature="fetchingPaymentDetails(java.lang.String)[pri:0, instance:fetchPackage.ClassToFetchDetails@7674f035]" started-at="2023-11-22T12:45:47 IST" name="fetchingPaymentDetails" data-provider="fetchSubsctiptionId" finished-at="2023-11-22T12:45:47 IST" duration-ms="137" status="PASS">
          <params>
            <param index="0">
              <value>
                <![CDATA[100615336728]]>
              </value>
            </param>
          </params>
          <reporter-output>
          </reporter-output>
        </test-method> <!-- fetchingPaymentDetails -->
        <test-method signature="fetchingPaymentDetails(java.lang.String)[pri:0, instance:fetchPackage.ClassToFetchDetails@7674f035]" started-at="2023-11-22T12:45:47 IST" name="fetchingPaymentDetails" data-provider="fetchSubsctiptionId" finished-at="2023-11-22T12:45:47 IST" duration-ms="138" status="PASS">
          <params>
            <param index="0">
              <value>
                <![CDATA[100615636572]]>
              </value>
            </param>
          </params>
          <reporter-output>
          </reporter-output>
        </test-method> <!-- fetchingPaymentDetails -->
        <test-method signature="fetchingPaymentDetails(java.lang.String)[pri:0, instance:fetchPackage.ClassToFetchDetails@7674f035]" started-at="2023-11-22T12:45:47 IST" name="fetchingPaymentDetails" data-provider="fetchSubsctiptionId" finished-at="2023-11-22T12:45:47 IST" duration-ms="139" status="PASS">
          <params>
            <param index="0">
              <value>
                <![CDATA[100615772079]]>
              </value>
            </param>
          </params>
          <reporter-output>
          </reporter-output>
        </test-method> <!-- fetchingPaymentDetails -->
        <test-method signature="fetchingPaymentDetails(java.lang.String)[pri:0, instance:fetchPackage.ClassToFetchDetails@7674f035]" started-at="2023-11-22T12:45:47 IST" name="fetchingPaymentDetails" data-provider="fetchSubsctiptionId" finished-at="2023-11-22T12:45:47 IST" duration-ms="202" status="PASS">
          <params>
            <param index="0">
              <value>
                <![CDATA[100616102690]]>
              </value>
            </param>
          </params>
          <reporter-output>
          </reporter-output>
        </test-method> <!-- fetchingPaymentDetails -->
        <test-method signature="fetchingPaymentDetails(java.lang.String)[pri:0, instance:fetchPackage.ClassToFetchDetails@7674f035]" started-at="2023-11-22T12:45:47 IST" name="fetchingPaymentDetails" data-provider="fetchSubsctiptionId" finished-at="2023-11-22T12:45:48 IST" duration-ms="291" status="PASS">
          <params>
            <param index="0">
              <value>
                <![CDATA[100617418586]]>
              </value>
            </param>
          </params>
          <reporter-output>
          </reporter-output>
        </test-method> <!-- fetchingPaymentDetails -->
        <test-method signature="fetchingPaymentDetails(java.lang.String)[pri:0, instance:fetchPackage.ClassToFetchDetails@7674f035]" started-at="2023-11-22T12:45:48 IST" name="fetchingPaymentDetails" data-provider="fetchSubsctiptionId" finished-at="2023-11-22T12:45:48 IST" duration-ms="137" status="PASS">
          <params>
            <param index="0">
              <value>
                <![CDATA[100617439661]]>
              </value>
            </param>
          </params>
          <reporter-output>
          </reporter-output>
        </test-method> <!-- fetchingPaymentDetails -->
        <test-method signature="fetchingPaymentDetails(java.lang.String)[pri:0, instance:fetchPackage.ClassToFetchDetails@7674f035]" started-at="2023-11-22T12:45:48 IST" name="fetchingPaymentDetails" data-provider="fetchSubsctiptionId" finished-at="2023-11-22T12:45:48 IST" duration-ms="131" status="PASS">
          <params>
            <param index="0">
              <value>
                <![CDATA[100617493899]]>
              </value>
            </param>
          </params>
          <reporter-output>
          </reporter-output>
        </test-method> <!-- fetchingPaymentDetails -->
        <test-method signature="fetchingPaymentDetails(java.lang.String)[pri:0, instance:fetchPackage.ClassToFetchDetails@7674f035]" started-at="2023-11-22T12:45:48 IST" name="fetchingPaymentDetails" data-provider="fetchSubsctiptionId" finished-at="2023-11-22T12:45:48 IST" duration-ms="118" status="PASS">
          <params>
            <param index="0">
              <value>
                <![CDATA[100617497140]]>
              </value>
            </param>
          </params>
          <reporter-output>
          </reporter-output>
        </test-method> <!-- fetchingPaymentDetails -->
        <test-method signature="fetchingPaymentDetails(java.lang.String)[pri:0, instance:fetchPackage.ClassToFetchDetails@7674f035]" started-at="2023-11-22T12:45:48 IST" name="fetchingPaymentDetails" data-provider="fetchSubsctiptionId" finished-at="2023-11-22T12:45:48 IST" duration-ms="136" status="PASS">
          <params>
            <param index="0">
              <value>
                <![CDATA[100617517097]]>
              </value>
            </param>
          </params>
          <reporter-output>
          </reporter-output>
        </test-method> <!-- fetchingPaymentDetails -->
        <test-method signature="fetchingPaymentDetails(java.lang.String)[pri:0, instance:fetchPackage.ClassToFetchDetails@7674f035]" started-at="2023-11-22T12:45:48 IST" name="fetchingPaymentDetails" data-provider="fetchSubsctiptionId" finished-at="2023-11-22T12:45:48 IST" duration-ms="167" status="PASS">
          <params>
            <param index="0">
              <value>
                <![CDATA[100617675844]]>
              </value>
            </param>
          </params>
          <reporter-output>
          </reporter-output>
        </test-method> <!-- fetchingPaymentDetails -->
        <test-method signature="fetchingPaymentDetails(java.lang.String)[pri:0, instance:fetchPackage.ClassToFetchDetails@7674f035]" started-at="2023-11-22T12:45:48 IST" name="fetchingPaymentDetails" data-provider="fetchSubsctiptionId" finished-at="2023-11-22T12:45:49 IST" duration-ms="238" status="PASS">
          <params>
            <param index="0">
              <value>
                <![CDATA[100617712865]]>
              </value>
            </param>
          </params>
          <reporter-output>
          </reporter-output>
        </test-method> <!-- fetchingPaymentDetails -->
        <test-method signature="fetchingPaymentDetails(java.lang.String)[pri:0, instance:fetchPackage.ClassToFetchDetails@7674f035]" started-at="2023-11-22T12:45:49 IST" name="fetchingPaymentDetails" data-provider="fetchSubsctiptionId" finished-at="2023-11-22T12:45:49 IST" duration-ms="138" status="PASS">
          <params>
            <param index="0">
              <value>
                <![CDATA[100617715288]]>
              </value>
            </param>
          </params>
          <reporter-output>
          </reporter-output>
        </test-method> <!-- fetchingPaymentDetails -->
        <test-method signature="fetchingPaymentDetails(java.lang.String)[pri:0, instance:fetchPackage.ClassToFetchDetails@7674f035]" started-at="2023-11-22T12:45:49 IST" name="fetchingPaymentDetails" data-provider="fetchSubsctiptionId" finished-at="2023-11-22T12:45:49 IST" duration-ms="212" status="PASS">
          <params>
            <param index="0">
              <value>
                <![CDATA[100617915856]]>
              </value>
            </param>
          </params>
          <reporter-output>
          </reporter-output>
        </test-method> <!-- fetchingPaymentDetails -->
        <test-method signature="fetchingPaymentDetails(java.lang.String)[pri:0, instance:fetchPackage.ClassToFetchDetails@7674f035]" started-at="2023-11-22T12:45:49 IST" name="fetchingPaymentDetails" data-provider="fetchSubsctiptionId" finished-at="2023-11-22T12:45:49 IST" duration-ms="157" status="PASS">
          <params>
            <param index="0">
              <value>
                <![CDATA[100617925667]]>
              </value>
            </param>
          </params>
          <reporter-output>
          </reporter-output>
        </test-method> <!-- fetchingPaymentDetails -->
        <test-method signature="fetchingPaymentDetails(java.lang.String)[pri:0, instance:fetchPackage.ClassToFetchDetails@7674f035]" started-at="2023-11-22T12:45:49 IST" name="fetchingPaymentDetails" data-provider="fetchSubsctiptionId" finished-at="2023-11-22T12:45:50 IST" duration-ms="539" status="PASS">
          <params>
            <param index="0">
              <value>
                <![CDATA[100617944699]]>
              </value>
            </param>
          </params>
          <reporter-output>
          </reporter-output>
        </test-method> <!-- fetchingPaymentDetails -->
        <test-method signature="fetchingPaymentDetails(java.lang.String)[pri:0, instance:fetchPackage.ClassToFetchDetails@7674f035]" started-at="2023-11-22T12:45:50 IST" name="fetchingPaymentDetails" data-provider="fetchSubsctiptionId" finished-at="2023-11-22T12:45:50 IST" duration-ms="158" status="PASS">
          <params>
            <param index="0">
              <value>
                <![CDATA[100611127213]]>
              </value>
            </param>
          </params>
          <reporter-output>
          </reporter-output>
        </test-method> <!-- fetchingPaymentDetails -->
        <test-method signature="fetchingPaymentDetails(java.lang.String)[pri:0, instance:fetchPackage.ClassToFetchDetails@7674f035]" started-at="2023-11-22T12:45:50 IST" name="fetchingPaymentDetails" data-provider="fetchSubsctiptionId" finished-at="2023-11-22T12:45:50 IST" duration-ms="166" status="PASS">
          <params>
            <param index="0">
              <value>
                <![CDATA[100616313160]]>
              </value>
            </param>
          </params>
          <reporter-output>
          </reporter-output>
        </test-method> <!-- fetchingPaymentDetails -->
        <test-method signature="fetchingPaymentDetails(java.lang.String)[pri:0, instance:fetchPackage.ClassToFetchDetails@7674f035]" started-at="2023-11-22T12:45:50 IST" name="fetchingPaymentDetails" data-provider="fetchSubsctiptionId" finished-at="2023-11-22T12:45:50 IST" duration-ms="170" status="PASS">
          <params>
            <param index="0">
              <value>
                <![CDATA[100619115322]]>
              </value>
            </param>
          </params>
          <reporter-output>
          </reporter-output>
        </test-method> <!-- fetchingPaymentDetails -->
        <test-method signature="fetchingPaymentDetails(java.lang.String)[pri:0, instance:fetchPackage.ClassToFetchDetails@7674f035]" started-at="2023-11-22T12:45:50 IST" name="fetchingPaymentDetails" data-provider="fetchSubsctiptionId" finished-at="2023-11-22T12:45:50 IST" duration-ms="167" status="PASS">
          <params>
            <param index="0">
              <value>
                <![CDATA[100619134669]]>
              </value>
            </param>
          </params>
          <reporter-output>
          </reporter-output>
        </test-method> <!-- fetchingPaymentDetails -->
        <test-method signature="fetchingPaymentDetails(java.lang.String)[pri:0, instance:fetchPackage.ClassToFetchDetails@7674f035]" started-at="2023-11-22T12:45:50 IST" name="fetchingPaymentDetails" data-provider="fetchSubsctiptionId" finished-at="2023-11-22T12:45:50 IST" duration-ms="118" status="PASS">
          <params>
            <param index="0">
              <value>
                <![CDATA[100619136273]]>
              </value>
            </param>
          </params>
          <reporter-output>
          </reporter-output>
        </test-method> <!-- fetchingPaymentDetails -->
        <test-method signature="fetchingPaymentDetails(java.lang.String)[pri:0, instance:fetchPackage.ClassToFetchDetails@7674f035]" started-at="2023-11-22T12:45:50 IST" name="fetchingPaymentDetails" data-provider="fetchSubsctiptionId" finished-at="2023-11-22T12:45:51 IST" duration-ms="158" status="PASS">
          <params>
            <param index="0">
              <value>
                <![CDATA[100619145993]]>
              </value>
            </param>
          </params>
          <reporter-output>
          </reporter-output>
        </test-method> <!-- fetchingPaymentDetails -->
        <test-method signature="fetchingPaymentDetails(java.lang.String)[pri:0, instance:fetchPackage.ClassToFetchDetails@7674f035]" started-at="2023-11-22T12:45:51 IST" name="fetchingPaymentDetails" data-provider="fetchSubsctiptionId" finished-at="2023-11-22T12:45:51 IST" duration-ms="267" status="PASS">
          <params>
            <param index="0">
              <value>
                <![CDATA[100619275753]]>
              </value>
            </param>
          </params>
          <reporter-output>
          </reporter-output>
        </test-method> <!-- fetchingPaymentDetails -->
        <test-method signature="fetchingPaymentDetails(java.lang.String)[pri:0, instance:fetchPackage.ClassToFetchDetails@7674f035]" started-at="2023-11-22T12:45:51 IST" name="fetchingPaymentDetails" data-provider="fetchSubsctiptionId" finished-at="2023-11-22T12:45:51 IST" duration-ms="119" status="PASS">
          <params>
            <param index="0">
              <value>
                <![CDATA[100619356118]]>
              </value>
            </param>
          </params>
          <reporter-output>
          </reporter-output>
        </test-method> <!-- fetchingPaymentDetails -->
        <test-method signature="fetchingPaymentDetails(java.lang.String)[pri:0, instance:fetchPackage.ClassToFetchDetails@7674f035]" started-at="2023-11-22T12:45:51 IST" name="fetchingPaymentDetails" data-provider="fetchSubsctiptionId" finished-at="2023-11-22T12:45:51 IST" duration-ms="148" status="PASS">
          <params>
            <param index="0">
              <value>
                <![CDATA[100619385599]]>
              </value>
            </param>
          </params>
          <reporter-output>
          </reporter-output>
        </test-method> <!-- fetchingPaymentDetails -->
        <test-method signature="fetchingPaymentDetails(java.lang.String)[pri:0, instance:fetchPackage.ClassToFetchDetails@7674f035]" started-at="2023-11-22T12:45:51 IST" name="fetchingPaymentDetails" data-provider="fetchSubsctiptionId" finished-at="2023-11-22T12:45:51 IST" duration-ms="158" status="PASS">
          <params>
            <param index="0">
              <value>
                <![CDATA[100619394495]]>
              </value>
            </param>
          </params>
          <reporter-output>
          </reporter-output>
        </test-method> <!-- fetchingPaymentDetails -->
        <test-method signature="fetchingPaymentDetails(java.lang.String)[pri:0, instance:fetchPackage.ClassToFetchDetails@7674f035]" started-at="2023-11-22T12:45:51 IST" name="fetchingPaymentDetails" data-provider="fetchSubsctiptionId" finished-at="2023-11-22T12:45:51 IST" duration-ms="172" status="PASS">
          <params>
            <param index="0">
              <value>
                <![CDATA[100619786832]]>
              </value>
            </param>
          </params>
          <reporter-output>
          </reporter-output>
        </test-method> <!-- fetchingPaymentDetails -->
        <test-method signature="fetchingPaymentDetails(java.lang.String)[pri:0, instance:fetchPackage.ClassToFetchDetails@7674f035]" started-at="2023-11-22T12:45:51 IST" name="fetchingPaymentDetails" data-provider="fetchSubsctiptionId" finished-at="2023-11-22T12:45:52 IST" duration-ms="147" status="PASS">
          <params>
            <param index="0">
              <value>
                <![CDATA[100619791235]]>
              </value>
            </param>
          </params>
          <reporter-output>
          </reporter-output>
        </test-method> <!-- fetchingPaymentDetails -->
        <test-method signature="fetchingPaymentDetails(java.lang.String)[pri:0, instance:fetchPackage.ClassToFetchDetails@7674f035]" started-at="2023-11-22T12:45:52 IST" name="fetchingPaymentDetails" data-provider="fetchSubsctiptionId" finished-at="2023-11-22T12:45:52 IST" duration-ms="178" status="PASS">
          <params>
            <param index="0">
              <value>
                <![CDATA[100619821816]]>
              </value>
            </param>
          </params>
          <reporter-output>
          </reporter-output>
        </test-method> <!-- fetchingPaymentDetails -->
        <test-method signature="fetchingPaymentDetails(java.lang.String)[pri:0, instance:fetchPackage.ClassToFetchDetails@7674f035]" started-at="2023-11-22T12:45:52 IST" name="fetchingPaymentDetails" data-provider="fetchSubsctiptionId" finished-at="2023-11-22T12:45:52 IST" duration-ms="182" status="PASS">
          <params>
            <param index="0">
              <value>
                <![CDATA[100619838144]]>
              </value>
            </param>
          </params>
          <reporter-output>
          </reporter-output>
        </test-method> <!-- fetchingPaymentDetails -->
        <test-method signature="fetchingPaymentDetails(java.lang.String)[pri:0, instance:fetchPackage.ClassToFetchDetails@7674f035]" started-at="2023-11-22T12:45:52 IST" name="fetchingPaymentDetails" data-provider="fetchSubsctiptionId" finished-at="2023-11-22T12:45:52 IST" duration-ms="473" status="PASS">
          <params>
            <param index="0">
              <value>
                <![CDATA[100619890973]]>
              </value>
            </param>
          </params>
          <reporter-output>
          </reporter-output>
        </test-method> <!-- fetchingPaymentDetails -->
        <test-method signature="fetchingPaymentDetails(java.lang.String)[pri:0, instance:fetchPackage.ClassToFetchDetails@7674f035]" started-at="2023-11-22T12:45:52 IST" name="fetchingPaymentDetails" data-provider="fetchSubsctiptionId" finished-at="2023-11-22T12:45:53 IST" duration-ms="183" status="PASS">
          <params>
            <param index="0">
              <value>
                <![CDATA[100620021264]]>
              </value>
            </param>
          </params>
          <reporter-output>
          </reporter-output>
        </test-method> <!-- fetchingPaymentDetails -->
        <test-method signature="fetchingPaymentDetails(java.lang.String)[pri:0, instance:fetchPackage.ClassToFetchDetails@7674f035]" started-at="2023-11-22T12:45:53 IST" name="fetchingPaymentDetails" data-provider="fetchSubsctiptionId" finished-at="2023-11-22T12:45:53 IST" duration-ms="166" status="PASS">
          <params>
            <param index="0">
              <value>
                <![CDATA[100620043534]]>
              </value>
            </param>
          </params>
          <reporter-output>
          </reporter-output>
        </test-method> <!-- fetchingPaymentDetails -->
        <test-method signature="fetchingPaymentDetails(java.lang.String)[pri:0, instance:fetchPackage.ClassToFetchDetails@7674f035]" started-at="2023-11-22T12:45:53 IST" name="fetchingPaymentDetails" data-provider="fetchSubsctiptionId" finished-at="2023-11-22T12:45:53 IST" duration-ms="203" status="PASS">
          <params>
            <param index="0">
              <value>
                <![CDATA[100620103831]]>
              </value>
            </param>
          </params>
          <reporter-output>
          </reporter-output>
        </test-method> <!-- fetchingPaymentDetails -->
        <test-method signature="fetchingPaymentDetails(java.lang.String)[pri:0, instance:fetchPackage.ClassToFetchDetails@7674f035]" started-at="2023-11-22T12:45:53 IST" name="fetchingPaymentDetails" data-provider="fetchSubsctiptionId" finished-at="2023-11-22T12:45:53 IST" duration-ms="195" status="PASS">
          <params>
            <param index="0">
              <value>
                <![CDATA[100620113664]]>
              </value>
            </param>
          </params>
          <reporter-output>
          </reporter-output>
        </test-method> <!-- fetchingPaymentDetails -->
        <test-method signature="fetchingPaymentDetails(java.lang.String)[pri:0, instance:fetchPackage.ClassToFetchDetails@7674f035]" started-at="2023-11-22T12:45:53 IST" name="fetchingPaymentDetails" data-provider="fetchSubsctiptionId" finished-at="2023-11-22T12:45:53 IST" duration-ms="166" status="PASS">
          <params>
            <param index="0">
              <value>
                <![CDATA[100620370488]]>
              </value>
            </param>
          </params>
          <reporter-output>
          </reporter-output>
        </test-method> <!-- fetchingPaymentDetails -->
        <test-method signature="fetchingPaymentDetails(java.lang.String)[pri:0, instance:fetchPackage.ClassToFetchDetails@7674f035]" started-at="2023-11-22T12:45:53 IST" name="fetchingPaymentDetails" data-provider="fetchSubsctiptionId" finished-at="2023-11-22T12:45:53 IST" duration-ms="145" status="PASS">
          <params>
            <param index="0">
              <value>
                <![CDATA[100620373400]]>
              </value>
            </param>
          </params>
          <reporter-output>
          </reporter-output>
        </test-method> <!-- fetchingPaymentDetails -->
        <test-method signature="fetchingPaymentDetails(java.lang.String)[pri:0, instance:fetchPackage.ClassToFetchDetails@7674f035]" started-at="2023-11-22T12:45:53 IST" name="fetchingPaymentDetails" data-provider="fetchSubsctiptionId" finished-at="2023-11-22T12:45:54 IST" duration-ms="185" status="PASS">
          <params>
            <param index="0">
              <value>
                <![CDATA[100620513524]]>
              </value>
            </param>
          </params>
          <reporter-output>
          </reporter-output>
        </test-method> <!-- fetchingPaymentDetails -->
        <test-method signature="fetchingPaymentDetails(java.lang.String)[pri:0, instance:fetchPackage.ClassToFetchDetails@7674f035]" started-at="2023-11-22T12:45:54 IST" name="fetchingPaymentDetails" data-provider="fetchSubsctiptionId" finished-at="2023-11-22T12:45:54 IST" duration-ms="249" status="PASS">
          <params>
            <param index="0">
              <value>
                <![CDATA[100620593518]]>
              </value>
            </param>
          </params>
          <reporter-output>
          </reporter-output>
        </test-method> <!-- fetchingPaymentDetails -->
        <test-method signature="fetchingPaymentDetails(java.lang.String)[pri:0, instance:fetchPackage.ClassToFetchDetails@7674f035]" started-at="2023-11-22T12:45:54 IST" name="fetchingPaymentDetails" data-provider="fetchSubsctiptionId" finished-at="2023-11-22T12:45:54 IST" duration-ms="136" status="PASS">
          <params>
            <param index="0">
              <value>
                <![CDATA[100620816997]]>
              </value>
            </param>
          </params>
          <reporter-output>
          </reporter-output>
        </test-method> <!-- fetchingPaymentDetails -->
        <test-method signature="fetchingPaymentDetails(java.lang.String)[pri:0, instance:fetchPackage.ClassToFetchDetails@7674f035]" started-at="2023-11-22T12:45:54 IST" name="fetchingPaymentDetails" data-provider="fetchSubsctiptionId" finished-at="2023-11-22T12:45:54 IST" duration-ms="314" status="PASS">
          <params>
            <param index="0">
              <value>
                <![CDATA[100620818237]]>
              </value>
            </param>
          </params>
          <reporter-output>
          </reporter-output>
        </test-method> <!-- fetchingPaymentDetails -->
        <test-method signature="fetchingPaymentDetails(java.lang.String)[pri:0, instance:fetchPackage.ClassToFetchDetails@7674f035]" started-at="2023-11-22T12:45:54 IST" name="fetchingPaymentDetails" data-provider="fetchSubsctiptionId" finished-at="2023-11-22T12:45:55 IST" duration-ms="286" status="PASS">
          <params>
            <param index="0">
              <value>
                <![CDATA[100620829533]]>
              </value>
            </param>
          </params>
          <reporter-output>
          </reporter-output>
        </test-method> <!-- fetchingPaymentDetails -->
        <test-method signature="fetchingPaymentDetails(java.lang.String)[pri:0, instance:fetchPackage.ClassToFetchDetails@7674f035]" started-at="2023-11-22T12:45:55 IST" name="fetchingPaymentDetails" data-provider="fetchSubsctiptionId" finished-at="2023-11-22T12:45:55 IST" duration-ms="151" status="PASS">
          <params>
            <param index="0">
              <value>
                <![CDATA[100620832947]]>
              </value>
            </param>
          </params>
          <reporter-output>
          </reporter-output>
        </test-method> <!-- fetchingPaymentDetails -->
        <test-method signature="fetchingPaymentDetails(java.lang.String)[pri:0, instance:fetchPackage.ClassToFetchDetails@7674f035]" started-at="2023-11-22T12:45:55 IST" name="fetchingPaymentDetails" data-provider="fetchSubsctiptionId" finished-at="2023-11-22T12:45:55 IST" duration-ms="135" status="PASS">
          <params>
            <param index="0">
              <value>
                <![CDATA[100620834124]]>
              </value>
            </param>
          </params>
          <reporter-output>
          </reporter-output>
        </test-method> <!-- fetchingPaymentDetails -->
        <test-method signature="fetchingPaymentDetails(java.lang.String)[pri:0, instance:fetchPackage.ClassToFetchDetails@7674f035]" started-at="2023-11-22T12:45:55 IST" name="fetchingPaymentDetails" data-provider="fetchSubsctiptionId" finished-at="2023-11-22T12:45:55 IST" duration-ms="135" status="PASS">
          <params>
            <param index="0">
              <value>
                <![CDATA[100620855125]]>
              </value>
            </param>
          </params>
          <reporter-output>
          </reporter-output>
        </test-method> <!-- fetchingPaymentDetails -->
        <test-method signature="fetchingPaymentDetails(java.lang.String)[pri:0, instance:fetchPackage.ClassToFetchDetails@7674f035]" started-at="2023-11-22T12:45:55 IST" name="fetchingPaymentDetails" data-provider="fetchSubsctiptionId" finished-at="2023-11-22T12:45:55 IST" duration-ms="264" status="PASS">
          <params>
            <param index="0">
              <value>
                <![CDATA[100620860378]]>
              </value>
            </param>
          </params>
          <reporter-output>
          </reporter-output>
        </test-method> <!-- fetchingPaymentDetails -->
        <test-method signature="fetchingPaymentDetails(java.lang.String)[pri:0, instance:fetchPackage.ClassToFetchDetails@7674f035]" started-at="2023-11-22T12:45:55 IST" name="fetchingPaymentDetails" data-provider="fetchSubsctiptionId" finished-at="2023-11-22T12:45:55 IST" duration-ms="147" status="PASS">
          <params>
            <param index="0">
              <value>
                <![CDATA[100620869014]]>
              </value>
            </param>
          </params>
          <reporter-output>
          </reporter-output>
        </test-method> <!-- fetchingPaymentDetails -->
        <test-method signature="fetchingPaymentDetails(java.lang.String)[pri:0, instance:fetchPackage.ClassToFetchDetails@7674f035]" started-at="2023-11-22T12:45:55 IST" name="fetchingPaymentDetails" data-provider="fetchSubsctiptionId" finished-at="2023-11-22T12:45:56 IST" duration-ms="113" status="PASS">
          <params>
            <param index="0">
              <value>
                <![CDATA[100620872582]]>
              </value>
            </param>
          </params>
          <reporter-output>
          </reporter-output>
        </test-method> <!-- fetchingPaymentDetails -->
        <test-method signature="fetchingPaymentDetails(java.lang.String)[pri:0, instance:fetchPackage.ClassToFetchDetails@7674f035]" started-at="2023-11-22T12:45:56 IST" name="fetchingPaymentDetails" data-provider="fetchSubsctiptionId" finished-at="2023-11-22T12:45:56 IST" duration-ms="116" status="PASS">
          <params>
            <param index="0">
              <value>
                <![CDATA[100621006510]]>
              </value>
            </param>
          </params>
          <reporter-output>
          </reporter-output>
        </test-method> <!-- fetchingPaymentDetails -->
        <test-method signature="fetchingPaymentDetails(java.lang.String)[pri:0, instance:fetchPackage.ClassToFetchDetails@7674f035]" started-at="2023-11-22T12:45:56 IST" name="fetchingPaymentDetails" data-provider="fetchSubsctiptionId" finished-at="2023-11-22T12:45:56 IST" duration-ms="111" status="PASS">
          <params>
            <param index="0">
              <value>
                <![CDATA[100621024052]]>
              </value>
            </param>
          </params>
          <reporter-output>
          </reporter-output>
        </test-method> <!-- fetchingPaymentDetails -->
        <test-method signature="fetchingPaymentDetails(java.lang.String)[pri:0, instance:fetchPackage.ClassToFetchDetails@7674f035]" started-at="2023-11-22T12:45:56 IST" name="fetchingPaymentDetails" data-provider="fetchSubsctiptionId" finished-at="2023-11-22T12:45:56 IST" duration-ms="119" status="PASS">
          <params>
            <param index="0">
              <value>
                <![CDATA[100621039606]]>
              </value>
            </param>
          </params>
          <reporter-output>
          </reporter-output>
        </test-method> <!-- fetchingPaymentDetails -->
        <test-method signature="fetchingPaymentDetails(java.lang.String)[pri:0, instance:fetchPackage.ClassToFetchDetails@7674f035]" started-at="2023-11-22T12:45:56 IST" name="fetchingPaymentDetails" data-provider="fetchSubsctiptionId" finished-at="2023-11-22T12:45:56 IST" duration-ms="137" status="PASS">
          <params>
            <param index="0">
              <value>
                <![CDATA[100621056349]]>
              </value>
            </param>
          </params>
          <reporter-output>
          </reporter-output>
        </test-method> <!-- fetchingPaymentDetails -->
        <test-method signature="fetchingPaymentDetails(java.lang.String)[pri:0, instance:fetchPackage.ClassToFetchDetails@7674f035]" started-at="2023-11-22T12:45:56 IST" name="fetchingPaymentDetails" data-provider="fetchSubsctiptionId" finished-at="2023-11-22T12:45:56 IST" duration-ms="132" status="PASS">
          <params>
            <param index="0">
              <value>
                <![CDATA[100621064288]]>
              </value>
            </param>
          </params>
          <reporter-output>
          </reporter-output>
        </test-method> <!-- fetchingPaymentDetails -->
        <test-method signature="fetchingPaymentDetails(java.lang.String)[pri:0, instance:fetchPackage.ClassToFetchDetails@7674f035]" started-at="2023-11-22T12:45:56 IST" name="fetchingPaymentDetails" data-provider="fetchSubsctiptionId" finished-at="2023-11-22T12:45:56 IST" duration-ms="125" status="PASS">
          <params>
            <param index="0">
              <value>
                <![CDATA[100621070517]]>
              </value>
            </param>
          </params>
          <reporter-output>
          </reporter-output>
        </test-method> <!-- fetchingPaymentDetails -->
        <test-method signature="fetchingPaymentDetails(java.lang.String)[pri:0, instance:fetchPackage.ClassToFetchDetails@7674f035]" started-at="2023-11-22T12:45:56 IST" name="fetchingPaymentDetails" data-provider="fetchSubsctiptionId" finished-at="2023-11-22T12:45:56 IST" duration-ms="116" status="PASS">
          <params>
            <param index="0">
              <value>
                <![CDATA[100621088994]]>
              </value>
            </param>
          </params>
          <reporter-output>
          </reporter-output>
        </test-method> <!-- fetchingPaymentDetails -->
        <test-method signature="fetchingPaymentDetails(java.lang.String)[pri:0, instance:fetchPackage.ClassToFetchDetails@7674f035]" started-at="2023-11-22T12:45:56 IST" name="fetchingPaymentDetails" data-provider="fetchSubsctiptionId" finished-at="2023-11-22T12:45:57 IST" duration-ms="121" status="PASS">
          <params>
            <param index="0">
              <value>
                <![CDATA[100621095947]]>
              </value>
            </param>
          </params>
          <reporter-output>
          </reporter-output>
        </test-method> <!-- fetchingPaymentDetails -->
        <test-method signature="fetchingPaymentDetails(java.lang.String)[pri:0, instance:fetchPackage.ClassToFetchDetails@7674f035]" started-at="2023-11-22T12:45:57 IST" name="fetchingPaymentDetails" data-provider="fetchSubsctiptionId" finished-at="2023-11-22T12:45:57 IST" duration-ms="179" status="PASS">
          <params>
            <param index="0">
              <value>
                <![CDATA[100621250899]]>
              </value>
            </param>
          </params>
          <reporter-output>
          </reporter-output>
        </test-method> <!-- fetchingPaymentDetails -->
        <test-method signature="fetchingPaymentDetails(java.lang.String)[pri:0, instance:fetchPackage.ClassToFetchDetails@7674f035]" started-at="2023-11-22T12:45:57 IST" name="fetchingPaymentDetails" data-provider="fetchSubsctiptionId" finished-at="2023-11-22T12:45:57 IST" duration-ms="115" status="PASS">
          <params>
            <param index="0">
              <value>
                <![CDATA[100621262806]]>
              </value>
            </param>
          </params>
          <reporter-output>
          </reporter-output>
        </test-method> <!-- fetchingPaymentDetails -->
        <test-method signature="fetchingPaymentDetails(java.lang.String)[pri:0, instance:fetchPackage.ClassToFetchDetails@7674f035]" started-at="2023-11-22T12:45:57 IST" name="fetchingPaymentDetails" data-provider="fetchSubsctiptionId" finished-at="2023-11-22T12:45:57 IST" duration-ms="151" status="PASS">
          <params>
            <param index="0">
              <value>
                <![CDATA[100621346288]]>
              </value>
            </param>
          </params>
          <reporter-output>
          </reporter-output>
        </test-method> <!-- fetchingPaymentDetails -->
        <test-method signature="fetchingPaymentDetails(java.lang.String)[pri:0, instance:fetchPackage.ClassToFetchDetails@7674f035]" started-at="2023-11-22T12:45:57 IST" name="fetchingPaymentDetails" data-provider="fetchSubsctiptionId" finished-at="2023-11-22T12:45:57 IST" duration-ms="161" status="PASS">
          <params>
            <param index="0">
              <value>
                <![CDATA[100621374167]]>
              </value>
            </param>
          </params>
          <reporter-output>
          </reporter-output>
        </test-method> <!-- fetchingPaymentDetails -->
        <test-method signature="fetchingPaymentDetails(java.lang.String)[pri:0, instance:fetchPackage.ClassToFetchDetails@7674f035]" started-at="2023-11-22T12:45:57 IST" name="fetchingPaymentDetails" data-provider="fetchSubsctiptionId" finished-at="2023-11-22T12:45:57 IST" duration-ms="318" status="PASS">
          <params>
            <param index="0">
              <value>
                <![CDATA[100621506741]]>
              </value>
            </param>
          </params>
          <reporter-output>
          </reporter-output>
        </test-method> <!-- fetchingPaymentDetails -->
        <test-method signature="fetchingPaymentDetails(java.lang.String)[pri:0, instance:fetchPackage.ClassToFetchDetails@7674f035]" started-at="2023-11-22T12:45:57 IST" name="fetchingPaymentDetails" data-provider="fetchSubsctiptionId" finished-at="2023-11-22T12:45:58 IST" duration-ms="137" status="PASS">
          <params>
            <param index="0">
              <value>
                <![CDATA[100621509136]]>
              </value>
            </param>
          </params>
          <reporter-output>
          </reporter-output>
        </test-method> <!-- fetchingPaymentDetails -->
        <test-method signature="fetchingPaymentDetails(java.lang.String)[pri:0, instance:fetchPackage.ClassToFetchDetails@7674f035]" started-at="2023-11-22T12:45:58 IST" name="fetchingPaymentDetails" data-provider="fetchSubsctiptionId" finished-at="2023-11-22T12:45:58 IST" duration-ms="143" status="PASS">
          <params>
            <param index="0">
              <value>
                <![CDATA[100621519793]]>
              </value>
            </param>
          </params>
          <reporter-output>
          </reporter-output>
        </test-method> <!-- fetchingPaymentDetails -->
        <test-method signature="fetchingPaymentDetails(java.lang.String)[pri:0, instance:fetchPackage.ClassToFetchDetails@7674f035]" started-at="2023-11-22T12:45:58 IST" name="fetchingPaymentDetails" data-provider="fetchSubsctiptionId" finished-at="2023-11-22T12:45:58 IST" duration-ms="137" status="PASS">
          <params>
            <param index="0">
              <value>
                <![CDATA[100621554286]]>
              </value>
            </param>
          </params>
          <reporter-output>
          </reporter-output>
        </test-method> <!-- fetchingPaymentDetails -->
        <test-method signature="fetchingPaymentDetails(java.lang.String)[pri:0, instance:fetchPackage.ClassToFetchDetails@7674f035]" started-at="2023-11-22T12:45:58 IST" name="fetchingPaymentDetails" data-provider="fetchSubsctiptionId" finished-at="2023-11-22T12:45:58 IST" duration-ms="251" status="PASS">
          <params>
            <param index="0">
              <value>
                <![CDATA[100621558978]]>
              </value>
            </param>
          </params>
          <reporter-output>
          </reporter-output>
        </test-method> <!-- fetchingPaymentDetails -->
        <test-method signature="fetchingPaymentDetails(java.lang.String)[pri:0, instance:fetchPackage.ClassToFetchDetails@7674f035]" started-at="2023-11-22T12:45:58 IST" name="fetchingPaymentDetails" data-provider="fetchSubsctiptionId" finished-at="2023-11-22T12:45:58 IST" duration-ms="201" status="PASS">
          <params>
            <param index="0">
              <value>
                <![CDATA[100621975805]]>
              </value>
            </param>
          </params>
          <reporter-output>
          </reporter-output>
        </test-method> <!-- fetchingPaymentDetails -->
[...]
          <params>
            <param index="0">
              <value>
                <![CDATA[100658955663]]>
              </value>
            </param>
          </params>
          <reporter-output>
          </reporter-output>
        </test-method> <!-- fetchingPaymentDetails -->
        <test-method signature="fetchingPaymentDetails(java.lang.String)[pri:0, instance:fetchPackage.ClassToFetchDetails@7674f035]" started-at="2023-11-22T12:48:26 IST" name="fetchingPaymentDetails" data-provider="fetchSubsctiptionId" finished-at="2023-11-22T12:48:26 IST" duration-ms="107" status="PASS">
          <params>
            <param index="0">
              <value>
                <![CDATA[100659145785]]>
              </value>
            </param>
          </params>
          <reporter-output>
          </reporter-output>
        </test-method> <!-- fetchingPaymentDetails -->
        <test-method signature="fetchingPaymentDetails(java.lang.String)[pri:0, instance:fetchPackage.ClassToFetchDetails@7674f035]" started-at="2023-11-22T12:48:26 IST" name="fetchingPaymentDetails" data-provider="fetchSubsctiptionId" finished-at="2023-11-22T12:48:26 IST" duration-ms="112" status="PASS">
          <params>
            <param index="0">
              <value>
                <![CDATA[100659173526]]>
              </value>
            </param>
          </params>
          <reporter-output>
          </reporter-output>
        </test-method> <!-- fetchingPaymentDetails -->
        <test-method signature="fetchingPaymentDetails(java.lang.String)[pri:0, instance:fetchPackage.ClassToFetchDetails@7674f035]" started-at="2023-11-22T12:48:26 IST" name="fetchingPaymentDetails" data-provider="fetchSubsctiptionId" finished-at="2023-11-22T12:48:27 IST" duration-ms="106" status="PASS">
          <params>
            <param index="0">
              <value>
                <![CDATA[100659202182]]>
              </value>
            </param>
          </params>
          <reporter-output>
          </reporter-output>
        </test-method> <!-- fetchingPaymentDetails -->
        <test-method signature="fetchingPaymentDetails(java.lang.String)[pri:0, instance:fetchPackage.ClassToFetchDetails@7674f035]" started-at="2023-11-22T12:48:27 IST" name="fetchingPaymentDetails" data-provider="fetchSubsctiptionId" finished-at="2023-11-22T12:48:27 IST" duration-ms="147" status="PASS">
          <params>
            <param index="0">
              <value>
                <![CDATA[100659505756]]>
              </value>
            </param>
          </params>
          <reporter-output>
          </reporter-output>
        </test-method> <!-- fetchingPaymentDetails -->
        <test-method signature="fetchingPaymentDetails(java.lang.String)[pri:0, instance:fetchPackage.ClassToFetchDetails@7674f035]" started-at="2023-11-22T12:48:27 IST" name="fetchingPaymentDetails" data-provider="fetchSubsctiptionId" finished-at="2023-11-22T12:48:27 IST" duration-ms="97" status="PASS">
          <params>
            <param index="0">
              <value>
                <![CDATA[100660778135]]>
              </value>
            </param>
          </params>
          <reporter-output>
          </reporter-output>
        </test-method> <!-- fetchingPaymentDetails -->
        <test-method signature="fetchingPaymentDetails(java.lang.String)[pri:0, instance:fetchPackage.ClassToFetchDetails@7674f035]" started-at="2023-11-22T12:48:27 IST" name="fetchingPaymentDetails" data-provider="fetchSubsctiptionId" finished-at="2023-11-22T12:48:27 IST" duration-ms="108" status="PASS">
          <params>
            <param index="0">
              <value>
                <![CDATA[100661062107]]>
              </value>
            </param>
          </params>
          <reporter-output>
          </reporter-output>
        </test-method> <!-- fetchingPaymentDetails -->
        <test-method signature="fetchingPaymentDetails(java.lang.String)[pri:0, instance:fetchPackage.ClassToFetchDetails@7674f035]" started-at="2023-11-22T12:48:27 IST" name="fetchingPaymentDetails" data-provider="fetchSubsctiptionId" finished-at="2023-11-22T12:48:27 IST" duration-ms="177" status="PASS">
          <params>
            <param index="0">
              <value>
                <![CDATA[100661215821]]>
              </value>
            </param>
          </params>
          <reporter-output>
          </reporter-output>
        </test-method> <!-- fetchingPaymentDetails -->
        <test-method signature="fetchingPaymentDetails(java.lang.String)[pri:0, instance:fetchPackage.ClassToFetchDetails@7674f035]" started-at="2023-11-22T12:48:27 IST" name="fetchingPaymentDetails" data-provider="fetchSubsctiptionId" finished-at="2023-11-22T12:48:27 IST" duration-ms="186" status="PASS">
          <params>
            <param index="0">
              <value>
                <![CDATA[100661471397]]>
              </value>
            </param>
          </params>
          <reporter-output>
          </reporter-output>
        </test-method> <!-- fetchingPaymentDetails -->
        <test-method signature="fetchingPaymentDetails(java.lang.String)[pri:0, instance:fetchPackage.ClassToFetchDetails@7674f035]" started-at="2023-11-22T12:48:27 IST" name="fetchingPaymentDetails" data-provider="fetchSubsctiptionId" finished-at="2023-11-22T12:48:27 IST" duration-ms="116" status="PASS">
          <params>
            <param index="0">
              <value>
                <![CDATA[100661779072]]>
              </value>
            </param>
          </params>
          <reporter-output>
          </reporter-output>
        </test-method> <!-- fetchingPaymentDetails -->
        <test-method signature="fetchingPaymentDetails(java.lang.String)[pri:0, instance:fetchPackage.ClassToFetchDetails@7674f035]" started-at="2023-11-22T12:48:27 IST" name="fetchingPaymentDetails" data-provider="fetchSubsctiptionId" finished-at="2023-11-22T12:48:28 IST" duration-ms="194" status="PASS">
          <params>
            <param index="0">
              <value>
                <![CDATA[100661865003]]>
              </value>
            </param>
          </params>
          <reporter-output>
          </reporter-output>
        </test-method> <!-- fetchingPaymentDetails -->
        <test-method signature="fetchingPaymentDetails(java.lang.String)[pri:0, instance:fetchPackage.ClassToFetchDetails@7674f035]" started-at="2023-11-22T12:48:28 IST" name="fetchingPaymentDetails" data-provider="fetchSubsctiptionId" finished-at="2023-11-22T12:48:28 IST" duration-ms="154" status="PASS">
          <params>
            <param index="0">
              <value>
                <![CDATA[100662414642]]>
              </value>
            </param>
          </params>
          <reporter-output>
          </reporter-output>
        </test-method> <!-- fetchingPaymentDetails -->
        <test-method signature="fetchingPaymentDetails(java.lang.String)[pri:0, instance:fetchPackage.ClassToFetchDetails@7674f035]" started-at="2023-11-22T12:48:28 IST" name="fetchingPaymentDetails" data-provider="fetchSubsctiptionId" finished-at="2023-11-22T12:48:28 IST" duration-ms="91" status="PASS">
          <params>
            <param index="0">
              <value>
                <![CDATA[100662416328]]>
              </value>
            </param>
          </params>
          <reporter-output>
          </reporter-output>
        </test-method> <!-- fetchingPaymentDetails -->
        <test-method signature="fetchingPaymentDetails(java.lang.String)[pri:0, instance:fetchPackage.ClassToFetchDetails@7674f035]" started-at="2023-11-22T12:48:28 IST" name="fetchingPaymentDetails" data-provider="fetchSubsctiptionId" finished-at="2023-11-22T12:48:28 IST" duration-ms="101" status="PASS">
          <params>
            <param index="0">
              <value>
                <![CDATA[100662730437]]>
              </value>
            </param>
          </params>
          <reporter-output>
          </reporter-output>
        </test-method> <!-- fetchingPaymentDetails -->
        <test-method signature="fetchingPaymentDetails(java.lang.String)[pri:0, instance:fetchPackage.ClassToFetchDetails@7674f035]" started-at="2023-11-22T12:48:28 IST" name="fetchingPaymentDetails" data-provider="fetchSubsctiptionId" finished-at="2023-11-22T12:48:28 IST" duration-ms="121" status="PASS">
          <params>
            <param index="0">
              <value>
                <![CDATA[100662805372]]>
              </value>
            </param>
          </params>
          <reporter-output>
          </reporter-output>
        </test-method> <!-- fetchingPaymentDetails -->
        <test-method signature="fetchingPaymentDetails(java.lang.String)[pri:0, instance:fetchPackage.ClassToFetchDetails@7674f035]" started-at="2023-11-22T12:48:28 IST" name="fetchingPaymentDetails" data-provider="fetchSubsctiptionId" finished-at="2023-11-22T12:48:28 IST" duration-ms="193" status="PASS">
          <params>
            <param index="0">
              <value>
                <![CDATA[100662815086]]>
              </value>
            </param>
          </params>
          <reporter-output>
          </reporter-output>
        </test-method> <!-- fetchingPaymentDetails -->
        <test-method signature="fetchingPaymentDetails(java.lang.String)[pri:0, instance:fetchPackage.ClassToFetchDetails@7674f035]" started-at="2023-11-22T12:48:28 IST" name="fetchingPaymentDetails" data-provider="fetchSubsctiptionId" finished-at="2023-11-22T12:48:28 IST" duration-ms="145" status="PASS">
          <params>
            <param index="0">
              <value>
                <![CDATA[100662882767]]>
              </value>
            </param>
          </params>
          <reporter-output>
          </reporter-output>
        </test-method> <!-- fetchingPaymentDetails -->
        <test-method signature="fetchingPaymentDetails(java.lang.String)[pri:0, instance:fetchPackage.ClassToFetchDetails@7674f035]" started-at="2023-11-22T12:48:28 IST" name="fetchingPaymentDetails" data-provider="fetchSubsctiptionId" finished-at="2023-11-22T12:48:29 IST" duration-ms="163" status="PASS">
          <params>
            <param index="0">
              <value>
                <![CDATA[100662904396]]>
              </value>
            </param>
          </params>
          <reporter-output>
          </reporter-output>
        </test-method> <!-- fetchingPaymentDetails -->
        <test-method signature="fetchingPaymentDetails(java.lang.String)[pri:0, instance:fetchPackage.ClassToFetchDetails@7674f035]" started-at="2023-11-22T12:48:29 IST" name="fetchingPaymentDetails" data-provider="fetchSubsctiptionId" finished-at="2023-11-22T12:48:29 IST" duration-ms="116" status="PASS">
          <params>
            <param index="0">
              <value>
                <![CDATA[100653719724]]>
              </value>
            </param>
          </params>
          <reporter-output>
          </reporter-output>
        </test-method> <!-- fetchingPaymentDetails -->
        <test-method signature="fetchingPaymentDetails(java.lang.String)[pri:0, instance:fetchPackage.ClassToFetchDetails@7674f035]" started-at="2023-11-22T12:48:29 IST" name="fetchingPaymentDetails" data-provider="fetchSubsctiptionId" finished-at="2023-11-22T12:48:29 IST" duration-ms="139" status="PASS">
          <params>
            <param index="0">
              <value>
                <![CDATA[100656322721]]>
              </value>
            </param>
          </params>
          <reporter-output>
          </reporter-output>
        </test-method> <!-- fetchingPaymentDetails -->
        <test-method signature="fetchingPaymentDetails(java.lang.String)[pri:0, instance:fetchPackage.ClassToFetchDetails@7674f035]" started-at="2023-11-22T12:48:29 IST" name="fetchingPaymentDetails" data-provider="fetchSubsctiptionId" finished-at="2023-11-22T12:48:29 IST" duration-ms="138" status="PASS">
          <params>
            <param index="0">
              <value>
                <![CDATA[100656709517]]>
              </value>
            </param>
          </params>
          <reporter-output>
          </reporter-output>
        </test-method> <!-- fetchingPaymentDetails -->
        <test-method signature="fetchingPaymentDetails(java.lang.String)[pri:0, instance:fetchPackage.ClassToFetchDetails@7674f035]" started-at="2023-11-22T12:48:29 IST" name="fetchingPaymentDetails" data-provider="fetchSubsctiptionId" finished-at="2023-11-22T12:48:29 IST" duration-ms="115" status="PASS">
          <params>
            <param index="0">
              <value>
                <![CDATA[100656914660]]>
              </value>
            </param>
          </params>
          <reporter-output>
          </reporter-output>
        </test-method> <!-- fetchingPaymentDetails -->
        <test-method signature="fetchingPaymentDetails(java.lang.String)[pri:0, instance:fetchPackage.ClassToFetchDetails@7674f035]" started-at="2023-11-22T12:48:29 IST" name="fetchingPaymentDetails" data-provider="fetchSubsctiptionId" finished-at="2023-11-22T12:48:29 IST" duration-ms="153" status="PASS">
          <params>
            <param index="0">
              <value>
                <![CDATA[100657227221]]>
              </value>
            </param>
          </params>
          <reporter-output>
          </reporter-output>
        </test-method> <!-- fetchingPaymentDetails -->
        <test-method signature="fetchingPaymentDetails(java.lang.String)[pri:0, instance:fetchPackage.ClassToFetchDetails@7674f035]" started-at="2023-11-22T12:48:29 IST" name="fetchingPaymentDetails" data-provider="fetchSubsctiptionId" finished-at="2023-11-22T12:48:29 IST" duration-ms="166" status="PASS">
          <params>
            <param index="0">
              <value>
                <![CDATA[100657401554]]>
              </value>
            </param>
          </params>
          <reporter-output>
          </reporter-output>
        </test-method> <!-- fetchingPaymentDetails -->
        <test-method signature="fetchingPaymentDetails(java.lang.String)[pri:0, instance:fetchPackage.ClassToFetchDetails@7674f035]" started-at="2023-11-22T12:48:29 IST" name="fetchingPaymentDetails" data-provider="fetchSubsctiptionId" finished-at="2023-11-22T12:48:30 IST" duration-ms="381" status="PASS">
          <params>
            <param index="0">
              <value>
                <![CDATA[100657500106]]>
              </value>
            </param>
          </params>
          <reporter-output>
          </reporter-output>
        </test-method> <!-- fetchingPaymentDetails -->
        <test-method signature="fetchingPaymentDetails(java.lang.String)[pri:0, instance:fetchPackage.ClassToFetchDetails@7674f035]" started-at="2023-11-22T12:48:30 IST" name="fetchingPaymentDetails" data-provider="fetchSubsctiptionId" finished-at="2023-11-22T12:48:30 IST" duration-ms="107" status="PASS">
          <params>
            <param index="0">
              <value>
                <![CDATA[100657519629]]>
              </value>
            </param>
          </params>
          <reporter-output>
          </reporter-output>
        </test-method> <!-- fetchingPaymentDetails -->
        <test-method signature="fetchingPaymentDetails(java.lang.String)[pri:0, instance:fetchPackage.ClassToFetchDetails@7674f035]" started-at="2023-11-22T12:48:30 IST" name="fetchingPaymentDetails" data-provider="fetchSubsctiptionId" finished-at="2023-11-22T12:48:30 IST" duration-ms="102" status="PASS">
          <params>
            <param index="0">
              <value>
                <![CDATA[100657655040]]>
              </value>
            </param>
          </params>
          <reporter-output>
          </reporter-output>
        </test-method> <!-- fetchingPaymentDetails -->
        <test-method signature="fetchingPaymentDetails(java.lang.String)[pri:0, instance:fetchPackage.ClassToFetchDetails@7674f035]" started-at="2023-11-22T12:48:30 IST" name="fetchingPaymentDetails" data-provider="fetchSubsctiptionId" finished-at="2023-11-22T12:48:30 IST" duration-ms="114" status="PASS">
          <params>
            <param index="0">
              <value>
                <![CDATA[100658614911]]>
              </value>
            </param>
          </params>
          <reporter-output>
          </reporter-output>
        </test-method> <!-- fetchingPaymentDetails -->
        <test-method signature="fetchingPaymentDetails(java.lang.String)[pri:0, instance:fetchPackage.ClassToFetchDetails@7674f035]" started-at="2023-11-22T12:48:30 IST" name="fetchingPaymentDetails" data-provider="fetchSubsctiptionId" finished-at="2023-11-22T12:48:30 IST" duration-ms="111" status="PASS">
          <params>
            <param index="0">
              <value>
                <![CDATA[100658634636]]>
              </value>
            </param>
          </params>
          <reporter-output>
          </reporter-output>
        </test-method> <!-- fetchingPaymentDetails -->
        <test-method signature="fetchingPaymentDetails(java.lang.String)[pri:0, instance:fetchPackage.ClassToFetchDetails@7674f035]" started-at="2023-11-22T12:48:30 IST" name="fetchingPaymentDetails" data-provider="fetchSubsctiptionId" finished-at="2023-11-22T12:48:30 IST" duration-ms="129" status="PASS">
          <params>
            <param index="0">
              <value>
                <![CDATA[100658926635]]>
              </value>
            </param>
          </params>
          <reporter-output>
          </reporter-output>
        </test-method> <!-- fetchingPaymentDetails -->
        <test-method signature="fetchingPaymentDetails(java.lang.String)[pri:0, instance:fetchPackage.ClassToFetchDetails@7674f035]" started-at="2023-11-22T12:48:30 IST" name="fetchingPaymentDetails" data-provider="fetchSubsctiptionId" finished-at="2023-11-22T12:48:30 IST" duration-ms="106" status="PASS">
          <params>
            <param index="0">
              <value>
                <![CDATA[100659241252]]>
              </value>
            </param>
          </params>
          <reporter-output>
          </reporter-output>
        </test-method> <!-- fetchingPaymentDetails -->
        <test-method signature="fetchingPaymentDetails(java.lang.String)[pri:0, instance:fetchPackage.ClassToFetchDetails@7674f035]" started-at="2023-11-22T12:48:30 IST" name="fetchingPaymentDetails" data-provider="fetchSubsctiptionId" finished-at="2023-11-22T12:48:31 IST" duration-ms="115" status="PASS">
          <params>
            <param index="0">
              <value>
                <![CDATA[100660793283]]>
              </value>
            </param>
          </params>
          <reporter-output>
          </reporter-output>
        </test-method> <!-- fetchingPaymentDetails -->
        <test-method signature="fetchingPaymentDetails(java.lang.String)[pri:0, instance:fetchPackage.ClassToFetchDetails@7674f035]" started-at="2023-11-22T12:48:31 IST" name="fetchingPaymentDetails" data-provider="fetchSubsctiptionId" finished-at="2023-11-22T12:48:31 IST" duration-ms="122" status="PASS">
          <params>
            <param index="0">
              <value>
                <![CDATA[100662423458]]>
              </value>
            </param>
          </params>
          <reporter-output>
          </reporter-output>
        </test-method> <!-- fetchingPaymentDetails -->
        <test-method is-config="true" signature="saveinexcel()[pri:0, instance:fetchPackage.ClassToFetchDetails@7674f035]" started-at="2023-11-22T12:48:31 IST" name="saveinexcel" finished-at="2023-11-22T12:48:33 IST" duration-ms="2730" status="PASS">
          <reporter-output>
          </reporter-output>
        </test-method> <!-- saveinexcel -->
      </class> <!-- fetchPackage.ClassToFetchDetails -->
    </test> <!-- Default test -->
  </suite> <!-- Default suite -->
</testng-results>
