<?xml version="1.0" encoding="UTF-8"?>
<testng-results ignored="0" total="1405" passed="1405" failed="0" skipped="0">
  <reporter-output>
  </reporter-output>
  <suite started-at="2023-11-21T15:14:33 IST" name="Default suite" finished-at="2023-11-21T15:17:46 IST" duration-ms="193493">
    <groups>
    </groups>
    <test started-at="2023-11-21T15:14:33 IST" name="Default test" finished-at="2023-11-21T15:17:46 IST" duration-ms="193493">
      <class name="fetchPackage.ClassToFetchDetails">
        <test-method is-config="true" signature="runfetchexcel()[pri:0, instance:fetchPackage.ClassToFetchDetails@7674f035]" started-at="2023-11-21T15:14:33 IST" name="runfetchexcel" finished-at="2023-11-21T15:14:34 IST" duration-ms="1667" status="PASS">
          <reporter-output>
          </reporter-output>
        </test-method> <!-- runfetchexcel -->
        <test-method signature="fetchingPaymentDetails(java.lang.String)[pri:0, instance:fetchPackage.ClassToFetchDetails@7674f035]" started-at="2023-11-21T15:14:35 IST" name="fetchingPaymentDetails" data-provider="fetchSubsctiptionId" finished-at="2023-11-21T15:14:37 IST" duration-ms="2609" status="PASS">
          <params>
            <param index="0">
              <value>
                <![CDATA[100606339414]]>
              </value>
            </param>
          </params>
          <reporter-output>
          </reporter-output>
        </test-method> <!-- fetchingPaymentDetails -->
        <test-method signature="fetchingPaymentDetails(java.lang.String)[pri:0, instance:fetchPackage.ClassToFetchDetails@7674f035]" started-at="2023-11-21T15:14:37 IST" name="fetchingPaymentDetails" data-provider="fetchSubsctiptionId" finished-at="2023-11-21T15:14:37 IST" duration-ms="233" status="PASS">
          <params>
            <param index="0">
              <value>
                <![CDATA[100606297234]]>
              </value>
            </param>
          </params>
          <reporter-output>
          </reporter-output>
        </test-method> <!-- fetchingPaymentDetails -->
        <test-method signature="fetchingPaymentDetails(java.lang.String)[pri:0, instance:fetchPackage.ClassToFetchDetails@7674f035]" started-at="2023-11-21T15:14:37 IST" name="fetchingPaymentDetails" data-provider="fetchSubsctiptionId" finished-at="2023-11-21T15:14:38 IST" duration-ms="337" status="PASS">
          <params>
            <param index="0">
              <value>
                <![CDATA[100606522366]]>
              </value>
            </param>
          </params>
          <reporter-output>
          </reporter-output>
        </test-method> <!-- fetchingPaymentDetails -->
        <test-method signature="fetchingPaymentDetails(java.lang.String)[pri:0, instance:fetchPackage.ClassToFetchDetails@7674f035]" started-at="2023-11-21T15:14:38 IST" name="fetchingPaymentDetails" data-provider="fetchSubsctiptionId" finished-at="2023-11-21T15:14:38 IST" duration-ms="162" status="PASS">
          <params>
            <param index="0">
              <value>
                <![CDATA[100606053552]]>
              </value>
            </param>
          </params>
          <reporter-output>
          </reporter-output>
        </test-method> <!-- fetchingPaymentDetails -->
        <test-method signature="fetchingPaymentDetails(java.lang.String)[pri:0, instance:fetchPackage.ClassToFetchDetails@7674f035]" started-at="2023-11-21T15:14:38 IST" name="fetchingPaymentDetails" data-provider="fetchSubsctiptionId" finished-at="2023-11-21T15:14:38 IST" duration-ms="182" status="PASS">
          <params>
            <param index="0">
              <value>
                <![CDATA[100607262226]]>
              </value>
            </param>
          </params>
          <reporter-output>
          </reporter-output>
        </test-method> <!-- fetchingPaymentDetails -->
        <test-method signature="fetchingPaymentDetails(java.lang.String)[pri:0, instance:fetchPackage.ClassToFetchDetails@7674f035]" started-at="2023-11-21T15:14:38 IST" name="fetchingPaymentDetails" data-provider="fetchSubsctiptionId" finished-at="2023-11-21T15:14:38 IST" duration-ms="203" status="PASS">
          <params>
            <param index="0">
              <value>
                <![CDATA[100604530026]]>
              </value>
            </param>
          </params>
          <reporter-output>
          </reporter-output>
        </test-method> <!-- fetchingPaymentDetails -->
        <test-method signature="fetchingPaymentDetails(java.lang.String)[pri:0, instance:fetchPackage.ClassToFetchDetails@7674f035]" started-at="2023-11-21T15:14:38 IST" name="fetchingPaymentDetails" data-provider="fetchSubsctiptionId" finished-at="2023-11-21T15:14:38 IST" duration-ms="141" status="PASS">
          <params>
            <param index="0">
              <value>
                <![CDATA[100604528966]]>
              </value>
            </param>
          </params>
          <reporter-output>
          </reporter-output>
        </test-method> <!-- fetchingPaymentDetails -->
        <test-method signature="fetchingPaymentDetails(java.lang.String)[pri:0, instance:fetchPackage.ClassToFetchDetails@7674f035]" started-at="2023-11-21T15:14:38 IST" name="fetchingPaymentDetails" data-provider="fetchSubsctiptionId" finished-at="2023-11-21T15:14:39 IST" duration-ms="211" status="PASS">
          <params>
            <param index="0">
              <value>
                <![CDATA[100606381931]]>
              </value>
            </param>
          </params>
          <reporter-output>
          </reporter-output>
        </test-method> <!-- fetchingPaymentDetails -->
        <test-method signature="fetchingPaymentDetails(java.lang.String)[pri:0, instance:fetchPackage.ClassToFetchDetails@7674f035]" started-at="2023-11-21T15:14:39 IST" name="fetchingPaymentDetails" data-provider="fetchSubsctiptionId" finished-at="2023-11-21T15:14:39 IST" duration-ms="161" status="PASS">
          <params>
            <param index="0">
              <value>
                <![CDATA[100606353685]]>
              </value>
            </param>
          </params>
          <reporter-output>
          </reporter-output>
        </test-method> <!-- fetchingPaymentDetails -->
        <test-method signature="fetchingPaymentDetails(java.lang.String)[pri:0, instance:fetchPackage.ClassToFetchDetails@7674f035]" started-at="2023-11-21T15:14:39 IST" name="fetchingPaymentDetails" data-provider="fetchSubsctiptionId" finished-at="2023-11-21T15:14:39 IST" duration-ms="186" status="PASS">
          <params>
            <param index="0">
              <value>
                <![CDATA[100606366389]]>
              </value>
            </param>
          </params>
          <reporter-output>
          </reporter-output>
        </test-method> <!-- fetchingPaymentDetails -->
        <test-method signature="fetchingPaymentDetails(java.lang.String)[pri:0, instance:fetchPackage.ClassToFetchDetails@7674f035]" started-at="2023-11-21T15:14:39 IST" name="fetchingPaymentDetails" data-provider="fetchSubsctiptionId" finished-at="2023-11-21T15:14:39 IST" duration-ms="163" status="PASS">
          <params>
            <param index="0">
              <value>
                <![CDATA[100604531575]]>
              </value>
            </param>
          </params>
          <reporter-output>
          </reporter-output>
        </test-method> <!-- fetchingPaymentDetails -->
        <test-method signature="fetchingPaymentDetails(java.lang.String)[pri:0, instance:fetchPackage.ClassToFetchDetails@7674f035]" started-at="2023-11-21T15:14:39 IST" name="fetchingPaymentDetails" data-provider="fetchSubsctiptionId" finished-at="2023-11-21T15:14:39 IST" duration-ms="147" status="PASS">
          <params>
            <param index="0">
              <value>
                <![CDATA[100604534811]]>
              </value>
            </param>
          </params>
          <reporter-output>
          </reporter-output>
        </test-method> <!-- fetchingPaymentDetails -->
        <test-method signature="fetchingPaymentDetails(java.lang.String)[pri:0, instance:fetchPackage.ClassToFetchDetails@7674f035]" started-at="2023-11-21T15:14:39 IST" name="fetchingPaymentDetails" data-provider="fetchSubsctiptionId" finished-at="2023-11-21T15:14:39 IST" duration-ms="125" status="PASS">
          <params>
            <param index="0">
              <value>
                <![CDATA[100604537638]]>
              </value>
            </param>
          </params>
          <reporter-output>
          </reporter-output>
        </test-method> <!-- fetchingPaymentDetails -->
        <test-method signature="fetchingPaymentDetails(java.lang.String)[pri:0, instance:fetchPackage.ClassToFetchDetails@7674f035]" started-at="2023-11-21T15:14:39 IST" name="fetchingPaymentDetails" data-provider="fetchSubsctiptionId" finished-at="2023-11-21T15:14:40 IST" duration-ms="216" status="PASS">
          <params>
            <param index="0">
              <value>
                <![CDATA[100606646913]]>
              </value>
            </param>
          </params>
          <reporter-output>
          </reporter-output>
        </test-method> <!-- fetchingPaymentDetails -->
        <test-method signature="fetchingPaymentDetails(java.lang.String)[pri:0, instance:fetchPackage.ClassToFetchDetails@7674f035]" started-at="2023-11-21T15:14:40 IST" name="fetchingPaymentDetails" data-provider="fetchSubsctiptionId" finished-at="2023-11-21T15:14:40 IST" duration-ms="154" status="PASS">
          <params>
            <param index="0">
              <value>
                <![CDATA[100606548967]]>
              </value>
            </param>
          </params>
          <reporter-output>
          </reporter-output>
        </test-method> <!-- fetchingPaymentDetails -->
        <test-method signature="fetchingPaymentDetails(java.lang.String)[pri:0, instance:fetchPackage.ClassToFetchDetails@7674f035]" started-at="2023-11-21T15:14:40 IST" name="fetchingPaymentDetails" data-provider="fetchSubsctiptionId" finished-at="2023-11-21T15:14:40 IST" duration-ms="179" status="PASS">
          <params>
            <param index="0">
              <value>
                <![CDATA[100604611480]]>
              </value>
            </param>
          </params>
          <reporter-output>
          </reporter-output>
        </test-method> <!-- fetchingPaymentDetails -->
        <test-method signature="fetchingPaymentDetails(java.lang.String)[pri:0, instance:fetchPackage.ClassToFetchDetails@7674f035]" started-at="2023-11-21T15:14:40 IST" name="fetchingPaymentDetails" data-provider="fetchSubsctiptionId" finished-at="2023-11-21T15:14:40 IST" duration-ms="135" status="PASS">
          <params>
            <param index="0">
              <value>
                <![CDATA[100604542945]]>
              </value>
            </param>
          </params>
          <reporter-output>
          </reporter-output>
        </test-method> <!-- fetchingPaymentDetails -->
        <test-method signature="fetchingPaymentDetails(java.lang.String)[pri:0, instance:fetchPackage.ClassToFetchDetails@7674f035]" started-at="2023-11-21T15:14:40 IST" name="fetchingPaymentDetails" data-provider="fetchSubsctiptionId" finished-at="2023-11-21T15:14:40 IST" duration-ms="130" status="PASS">
          <params>
            <param index="0">
              <value>
                <![CDATA[100607179649]]>
              </value>
            </param>
          </params>
          <reporter-output>
          </reporter-output>
        </test-method> <!-- fetchingPaymentDetails -->
        <test-method signature="fetchingPaymentDetails(java.lang.String)[pri:0, instance:fetchPackage.ClassToFetchDetails@7674f035]" started-at="2023-11-21T15:14:40 IST" name="fetchingPaymentDetails" data-provider="fetchSubsctiptionId" finished-at="2023-11-21T15:14:40 IST" duration-ms="137" status="PASS">
          <params>
            <param index="0">
              <value>
                <![CDATA[100604544305]]>
              </value>
            </param>
          </params>
          <reporter-output>
          </reporter-output>
        </test-method> <!-- fetchingPaymentDetails -->
        <test-method signature="fetchingPaymentDetails(java.lang.String)[pri:0, instance:fetchPackage.ClassToFetchDetails@7674f035]" started-at="2023-11-21T15:14:40 IST" name="fetchingPaymentDetails" data-provider="fetchSubsctiptionId" finished-at="2023-11-21T15:14:41 IST" duration-ms="174" status="PASS">
          <params>
            <param index="0">
              <value>
                <![CDATA[100606046196]]>
              </value>
            </param>
          </params>
          <reporter-output>
          </reporter-output>
        </test-method> <!-- fetchingPaymentDetails -->
        <test-method signature="fetchingPaymentDetails(java.lang.String)[pri:0, instance:fetchPackage.ClassToFetchDetails@7674f035]" started-at="2023-11-21T15:14:41 IST" name="fetchingPaymentDetails" data-provider="fetchSubsctiptionId" finished-at="2023-11-21T15:14:41 IST" duration-ms="155" status="PASS">
          <params>
            <param index="0">
              <value>
                <![CDATA[100604501673]]>
              </value>
            </param>
          </params>
          <reporter-output>
          </reporter-output>
        </test-method> <!-- fetchingPaymentDetails -->
        <test-method signature="fetchingPaymentDetails(java.lang.String)[pri:0, instance:fetchPackage.ClassToFetchDetails@7674f035]" started-at="2023-11-21T15:14:41 IST" name="fetchingPaymentDetails" data-provider="fetchSubsctiptionId" finished-at="2023-11-21T15:14:41 IST" duration-ms="127" status="PASS">
          <params>
            <param index="0">
              <value>
                <![CDATA[100604873907]]>
              </value>
            </param>
          </params>
          <reporter-output>
          </reporter-output>
        </test-method> <!-- fetchingPaymentDetails -->
        <test-method signature="fetchingPaymentDetails(java.lang.String)[pri:0, instance:fetchPackage.ClassToFetchDetails@7674f035]" started-at="2023-11-21T15:14:41 IST" name="fetchingPaymentDetails" data-provider="fetchSubsctiptionId" finished-at="2023-11-21T15:14:41 IST" duration-ms="165" status="PASS">
          <params>
            <param index="0">
              <value>
                <![CDATA[100605775224]]>
              </value>
            </param>
          </params>
          <reporter-output>
          </reporter-output>
        </test-method> <!-- fetchingPaymentDetails -->
        <test-method signature="fetchingPaymentDetails(java.lang.String)[pri:0, instance:fetchPackage.ClassToFetchDetails@7674f035]" started-at="2023-11-21T15:14:41 IST" name="fetchingPaymentDetails" data-provider="fetchSubsctiptionId" finished-at="2023-11-21T15:14:41 IST" duration-ms="306" status="PASS">
          <params>
            <param index="0">
              <value>
                <![CDATA[100605974794]]>
              </value>
            </param>
          </params>
          <reporter-output>
          </reporter-output>
        </test-method> <!-- fetchingPaymentDetails -->
        <test-method signature="fetchingPaymentDetails(java.lang.String)[pri:0, instance:fetchPackage.ClassToFetchDetails@7674f035]" started-at="2023-11-21T15:14:41 IST" name="fetchingPaymentDetails" data-provider="fetchSubsctiptionId" finished-at="2023-11-21T15:14:42 IST" duration-ms="173" status="PASS">
          <params>
            <param index="0">
              <value>
                <![CDATA[100605972860]]>
              </value>
            </param>
          </params>
          <reporter-output>
          </reporter-output>
        </test-method> <!-- fetchingPaymentDetails -->
        <test-method signature="fetchingPaymentDetails(java.lang.String)[pri:0, instance:fetchPackage.ClassToFetchDetails@7674f035]" started-at="2023-11-21T15:14:42 IST" name="fetchingPaymentDetails" data-provider="fetchSubsctiptionId" finished-at="2023-11-21T15:14:42 IST" duration-ms="203" status="PASS">
          <params>
            <param index="0">
              <value>
                <![CDATA[100606577787]]>
              </value>
            </param>
          </params>
          <reporter-output>
          </reporter-output>
        </test-method> <!-- fetchingPaymentDetails -->
        <test-method signature="fetchingPaymentDetails(java.lang.String)[pri:0, instance:fetchPackage.ClassToFetchDetails@7674f035]" started-at="2023-11-21T15:14:42 IST" name="fetchingPaymentDetails" data-provider="fetchSubsctiptionId" finished-at="2023-11-21T15:14:42 IST" duration-ms="205" status="PASS">
          <params>
            <param index="0">
              <value>
                <![CDATA[100607216475]]>
              </value>
            </param>
          </params>
          <reporter-output>
          </reporter-output>
        </test-method> <!-- fetchingPaymentDetails -->
        <test-method signature="fetchingPaymentDetails(java.lang.String)[pri:0, instance:fetchPackage.ClassToFetchDetails@7674f035]" started-at="2023-11-21T15:14:42 IST" name="fetchingPaymentDetails" data-provider="fetchSubsctiptionId" finished-at="2023-11-21T15:14:42 IST" duration-ms="159" status="PASS">
          <params>
            <param index="0">
              <value>
                <![CDATA[100608046012]]>
              </value>
            </param>
          </params>
          <reporter-output>
          </reporter-output>
        </test-method> <!-- fetchingPaymentDetails -->
        <test-method signature="fetchingPaymentDetails(java.lang.String)[pri:0, instance:fetchPackage.ClassToFetchDetails@7674f035]" started-at="2023-11-21T15:14:42 IST" name="fetchingPaymentDetails" data-provider="fetchSubsctiptionId" finished-at="2023-11-21T15:14:42 IST" duration-ms="143" status="PASS">
          <params>
            <param index="0">
              <value>
                <![CDATA[100608067090]]>
              </value>
            </param>
          </params>
          <reporter-output>
          </reporter-output>
        </test-method> <!-- fetchingPaymentDetails -->
        <test-method signature="fetchingPaymentDetails(java.lang.String)[pri:0, instance:fetchPackage.ClassToFetchDetails@7674f035]" started-at="2023-11-21T15:14:42 IST" name="fetchingPaymentDetails" data-provider="fetchSubsctiptionId" finished-at="2023-11-21T15:14:42 IST" duration-ms="138" status="PASS">
          <params>
            <param index="0">
              <value>
                <![CDATA[100608582594]]>
              </value>
            </param>
          </params>
          <reporter-output>
          </reporter-output>
        </test-method> <!-- fetchingPaymentDetails -->
        <test-method signature="fetchingPaymentDetails(java.lang.String)[pri:0, instance:fetchPackage.ClassToFetchDetails@7674f035]" started-at="2023-11-21T15:14:42 IST" name="fetchingPaymentDetails" data-provider="fetchSubsctiptionId" finished-at="2023-11-21T15:14:43 IST" duration-ms="156" status="PASS">
          <params>
            <param index="0">
              <value>
                <![CDATA[100608646634]]>
              </value>
            </param>
          </params>
          <reporter-output>
          </reporter-output>
        </test-method> <!-- fetchingPaymentDetails -->
        <test-method signature="fetchingPaymentDetails(java.lang.String)[pri:0, instance:fetchPackage.ClassToFetchDetails@7674f035]" started-at="2023-11-21T15:14:43 IST" name="fetchingPaymentDetails" data-provider="fetchSubsctiptionId" finished-at="2023-11-21T15:14:43 IST" duration-ms="144" status="PASS">
          <params>
            <param index="0">
              <value>
                <![CDATA[100608649945]]>
              </value>
            </param>
          </params>
          <reporter-output>
          </reporter-output>
        </test-method> <!-- fetchingPaymentDetails -->
        <test-method signature="fetchingPaymentDetails(java.lang.String)[pri:0, instance:fetchPackage.ClassToFetchDetails@7674f035]" started-at="2023-11-21T15:14:43 IST" name="fetchingPaymentDetails" data-provider="fetchSubsctiptionId" finished-at="2023-11-21T15:14:43 IST" duration-ms="117" status="PASS">
          <params>
            <param index="0">
              <value>
                <![CDATA[100608598583]]>
              </value>
            </param>
          </params>
          <reporter-output>
          </reporter-output>
        </test-method> <!-- fetchingPaymentDetails -->
        <test-method signature="fetchingPaymentDetails(java.lang.String)[pri:0, instance:fetchPackage.ClassToFetchDetails@7674f035]" started-at="2023-11-21T15:14:43 IST" name="fetchingPaymentDetails" data-provider="fetchSubsctiptionId" finished-at="2023-11-21T15:14:43 IST" duration-ms="116" status="PASS">
          <params>
            <param index="0">
              <value>
                <![CDATA[100606364110]]>
              </value>
            </param>
          </params>
          <reporter-output>
          </reporter-output>
        </test-method> <!-- fetchingPaymentDetails -->
        <test-method signature="fetchingPaymentDetails(java.lang.String)[pri:0, instance:fetchPackage.ClassToFetchDetails@7674f035]" started-at="2023-11-21T15:14:43 IST" name="fetchingPaymentDetails" data-provider="fetchSubsctiptionId" finished-at="2023-11-21T15:14:43 IST" duration-ms="129" status="PASS">
          <params>
            <param index="0">
              <value>
                <![CDATA[100608689513]]>
              </value>
            </param>
          </params>
          <reporter-output>
          </reporter-output>
        </test-method> <!-- fetchingPaymentDetails -->
        <test-method signature="fetchingPaymentDetails(java.lang.String)[pri:0, instance:fetchPackage.ClassToFetchDetails@7674f035]" started-at="2023-11-21T15:14:43 IST" name="fetchingPaymentDetails" data-provider="fetchSubsctiptionId" finished-at="2023-11-21T15:14:43 IST" duration-ms="137" status="PASS">
          <params>
            <param index="0">
              <value>
                <![CDATA[100634731622]]>
              </value>
            </param>
          </params>
          <reporter-output>
          </reporter-output>
        </test-method> <!-- fetchingPaymentDetails -->
        <test-method signature="fetchingPaymentDetails(java.lang.String)[pri:0, instance:fetchPackage.ClassToFetchDetails@7674f035]" started-at="2023-11-21T15:14:43 IST" name="fetchingPaymentDetails" data-provider="fetchSubsctiptionId" finished-at="2023-11-21T15:14:43 IST" duration-ms="157" status="PASS">
          <params>
            <param index="0">
              <value>
                <![CDATA[100608874174]]>
              </value>
            </param>
          </params>
          <reporter-output>
          </reporter-output>
        </test-method> <!-- fetchingPaymentDetails -->
        <test-method signature="fetchingPaymentDetails(java.lang.String)[pri:0, instance:fetchPackage.ClassToFetchDetails@7674f035]" started-at="2023-11-21T15:14:43 IST" name="fetchingPaymentDetails" data-provider="fetchSubsctiptionId" finished-at="2023-11-21T15:14:43 IST" duration-ms="120" status="PASS">
          <params>
            <param index="0">
              <value>
                <![CDATA[100609748045]]>
              </value>
            </param>
          </params>
          <reporter-output>
          </reporter-output>
        </test-method> <!-- fetchingPaymentDetails -->
        <test-method signature="fetchingPaymentDetails(java.lang.String)[pri:0, instance:fetchPackage.ClassToFetchDetails@7674f035]" started-at="2023-11-21T15:14:43 IST" name="fetchingPaymentDetails" data-provider="fetchSubsctiptionId" finished-at="2023-11-21T15:14:44 IST" duration-ms="117" status="PASS">
          <params>
            <param index="0">
              <value>
                <![CDATA[100615323053]]>
              </value>
            </param>
          </params>
          <reporter-output>
          </reporter-output>
        </test-method> <!-- fetchingPaymentDetails -->
        <test-method signature="fetchingPaymentDetails(java.lang.String)[pri:0, instance:fetchPackage.ClassToFetchDetails@7674f035]" started-at="2023-11-21T15:14:44 IST" name="fetchingPaymentDetails" data-provider="fetchSubsctiptionId" finished-at="2023-11-21T15:14:44 IST" duration-ms="136" status="PASS">
          <params>
            <param index="0">
              <value>
                <![CDATA[100614894067]]>
              </value>
            </param>
          </params>
          <reporter-output>
          </reporter-output>
        </test-method> <!-- fetchingPaymentDetails -->
        <test-method signature="fetchingPaymentDetails(java.lang.String)[pri:0, instance:fetchPackage.ClassToFetchDetails@7674f035]" started-at="2023-11-21T15:14:44 IST" name="fetchingPaymentDetails" data-provider="fetchSubsctiptionId" finished-at="2023-11-21T15:14:44 IST" duration-ms="175" status="PASS">
          <params>
            <param index="0">
              <value>
                <![CDATA[100617517097]]>
              </value>
            </param>
          </params>
          <reporter-output>
          </reporter-output>
        </test-method> <!-- fetchingPaymentDetails -->
        <test-method signature="fetchingPaymentDetails(java.lang.String)[pri:0, instance:fetchPackage.ClassToFetchDetails@7674f035]" started-at="2023-11-21T15:14:44 IST" name="fetchingPaymentDetails" data-provider="fetchSubsctiptionId" finished-at="2023-11-21T15:14:44 IST" duration-ms="128" status="PASS">
          <params>
            <param index="0">
              <value>
                <![CDATA[100606602326]]>
              </value>
            </param>
          </params>
          <reporter-output>
          </reporter-output>
        </test-method> <!-- fetchingPaymentDetails -->
        <test-method signature="fetchingPaymentDetails(java.lang.String)[pri:0, instance:fetchPackage.ClassToFetchDetails@7674f035]" started-at="2023-11-21T15:14:44 IST" name="fetchingPaymentDetails" data-provider="fetchSubsctiptionId" finished-at="2023-11-21T15:14:44 IST" duration-ms="105" status="PASS">
          <params>
            <param index="0">
              <value>
                <![CDATA[100616102690]]>
              </value>
            </param>
          </params>
          <reporter-output>
          </reporter-output>
        </test-method> <!-- fetchingPaymentDetails -->
        <test-method signature="fetchingPaymentDetails(java.lang.String)[pri:0, instance:fetchPackage.ClassToFetchDetails@7674f035]" started-at="2023-11-21T15:14:44 IST" name="fetchingPaymentDetails" data-provider="fetchSubsctiptionId" finished-at="2023-11-21T15:14:44 IST" duration-ms="123" status="PASS">
          <params>
            <param index="0">
              <value>
                <![CDATA[100606995148]]>
              </value>
            </param>
          </params>
          <reporter-output>
          </reporter-output>
        </test-method> <!-- fetchingPaymentDetails -->
        <test-method signature="fetchingPaymentDetails(java.lang.String)[pri:0, instance:fetchPackage.ClassToFetchDetails@7674f035]" started-at="2023-11-21T15:14:44 IST" name="fetchingPaymentDetails" data-provider="fetchSubsctiptionId" finished-at="2023-11-21T15:14:44 IST" duration-ms="140" status="PASS">
          <params>
            <param index="0">
              <value>
                <![CDATA[100619862646]]>
              </value>
            </param>
          </params>
          <reporter-output>
          </reporter-output>
        </test-method> <!-- fetchingPaymentDetails -->
        <test-method signature="fetchingPaymentDetails(java.lang.String)[pri:0, instance:fetchPackage.ClassToFetchDetails@7674f035]" started-at="2023-11-21T15:14:44 IST" name="fetchingPaymentDetails" data-provider="fetchSubsctiptionId" finished-at="2023-11-21T15:14:45 IST" duration-ms="160" status="PASS">
          <params>
            <param index="0">
              <value>
                <![CDATA[100615336728]]>
              </value>
            </param>
          </params>
          <reporter-output>
          </reporter-output>
        </test-method> <!-- fetchingPaymentDetails -->
        <test-method signature="fetchingPaymentDetails(java.lang.String)[pri:0, instance:fetchPackage.ClassToFetchDetails@7674f035]" started-at="2023-11-21T15:14:45 IST" name="fetchingPaymentDetails" data-provider="fetchSubsctiptionId" finished-at="2023-11-21T15:14:45 IST" duration-ms="135" status="PASS">
          <params>
            <param index="0">
              <value>
                <![CDATA[100617675844]]>
              </value>
            </param>
          </params>
          <reporter-output>
          </reporter-output>
        </test-method> <!-- fetchingPaymentDetails -->
        <test-method signature="fetchingPaymentDetails(java.lang.String)[pri:0, instance:fetchPackage.ClassToFetchDetails@7674f035]" started-at="2023-11-21T15:14:45 IST" name="fetchingPaymentDetails" data-provider="fetchSubsctiptionId" finished-at="2023-11-21T15:14:45 IST" duration-ms="116" status="PASS">
          <params>
            <param index="0">
              <value>
                <![CDATA[100615636572]]>
              </value>
            </param>
          </params>
          <reporter-output>
          </reporter-output>
        </test-method> <!-- fetchingPaymentDetails -->
        <test-method signature="fetchingPaymentDetails(java.lang.String)[pri:0, instance:fetchPackage.ClassToFetchDetails@7674f035]" started-at="2023-11-21T15:14:45 IST" name="fetchingPaymentDetails" data-provider="fetchSubsctiptionId" finished-at="2023-11-21T15:14:45 IST" duration-ms="104" status="PASS">
          <params>
            <param index="0">
              <value>
                <![CDATA[100614704381]]>
              </value>
            </param>
          </params>
          <reporter-output>
          </reporter-output>
        </test-method> <!-- fetchingPaymentDetails -->
        <test-method signature="fetchingPaymentDetails(java.lang.String)[pri:0, instance:fetchPackage.ClassToFetchDetails@7674f035]" started-at="2023-11-21T15:14:45 IST" name="fetchingPaymentDetails" data-provider="fetchSubsctiptionId" finished-at="2023-11-21T15:14:45 IST" duration-ms="212" status="PASS">
          <params>
            <param index="0">
              <value>
                <![CDATA[100615772079]]>
              </value>
            </param>
          </params>
          <reporter-output>
          </reporter-output>
        </test-method> <!-- fetchingPaymentDetails -->
        <test-method signature="fetchingPaymentDetails(java.lang.String)[pri:0, instance:fetchPackage.ClassToFetchDetails@7674f035]" started-at="2023-11-21T15:14:45 IST" name="fetchingPaymentDetails" data-provider="fetchSubsctiptionId" finished-at="2023-11-21T15:14:45 IST" duration-ms="126" status="PASS">
          <params>
            <param index="0">
              <value>
                <![CDATA[100617925667]]>
              </value>
            </param>
          </params>
          <reporter-output>
          </reporter-output>
        </test-method> <!-- fetchingPaymentDetails -->
        <test-method signature="fetchingPaymentDetails(java.lang.String)[pri:0, instance:fetchPackage.ClassToFetchDetails@7674f035]" started-at="2023-11-21T15:14:45 IST" name="fetchingPaymentDetails" data-provider="fetchSubsctiptionId" finished-at="2023-11-21T15:14:45 IST" duration-ms="177" status="PASS">
          <params>
            <param index="0">
              <value>
                <![CDATA[100617915856]]>
              </value>
            </param>
          </params>
          <reporter-output>
          </reporter-output>
        </test-method> <!-- fetchingPaymentDetails -->
        <test-method signature="fetchingPaymentDetails(java.lang.String)[pri:0, instance:fetchPackage.ClassToFetchDetails@7674f035]" started-at="2023-11-21T15:14:45 IST" name="fetchingPaymentDetails" data-provider="fetchSubsctiptionId" finished-at="2023-11-21T15:14:46 IST" duration-ms="221" status="PASS">
          <params>
            <param index="0">
              <value>
                <![CDATA[100619838144]]>
              </value>
            </param>
          </params>
          <reporter-output>
          </reporter-output>
        </test-method> <!-- fetchingPaymentDetails -->
        <test-method signature="fetchingPaymentDetails(java.lang.String)[pri:0, instance:fetchPackage.ClassToFetchDetails@7674f035]" started-at="2023-11-21T15:14:46 IST" name="fetchingPaymentDetails" data-provider="fetchSubsctiptionId" finished-at="2023-11-21T15:14:46 IST" duration-ms="144" status="PASS">
          <params>
            <param index="0">
              <value>
                <![CDATA[100635200892]]>
              </value>
            </param>
          </params>
          <reporter-output>
          </reporter-output>
        </test-method> <!-- fetchingPaymentDetails -->
        <test-method signature="fetchingPaymentDetails(java.lang.String)[pri:0, instance:fetchPackage.ClassToFetchDetails@7674f035]" started-at="2023-11-21T15:14:46 IST" name="fetchingPaymentDetails" data-provider="fetchSubsctiptionId" finished-at="2023-11-21T15:14:46 IST" duration-ms="136" status="PASS">
          <params>
            <param index="0">
              <value>
                <![CDATA[100619275753]]>
              </value>
            </param>
          </params>
          <reporter-output>
          </reporter-output>
        </test-method> <!-- fetchingPaymentDetails -->
        <test-method signature="fetchingPaymentDetails(java.lang.String)[pri:0, instance:fetchPackage.ClassToFetchDetails@7674f035]" started-at="2023-11-21T15:14:46 IST" name="fetchingPaymentDetails" data-provider="fetchSubsctiptionId" finished-at="2023-11-21T15:14:46 IST" duration-ms="138" status="PASS">
          <params>
            <param index="0">
              <value>
                <![CDATA[100619385599]]>
              </value>
            </param>
          </params>
          <reporter-output>
          </reporter-output>
        </test-method> <!-- fetchingPaymentDetails -->
        <test-method signature="fetchingPaymentDetails(java.lang.String)[pri:0, instance:fetchPackage.ClassToFetchDetails@7674f035]" started-at="2023-11-21T15:14:46 IST" name="fetchingPaymentDetails" data-provider="fetchSubsctiptionId" finished-at="2023-11-21T15:14:46 IST" duration-ms="118" status="PASS">
          <params>
            <param index="0">
              <value>
                <![CDATA[100619791235]]>
              </value>
            </param>
          </params>
          <reporter-output>
          </reporter-output>
        </test-method> <!-- fetchingPaymentDetails -->
        <test-method signature="fetchingPaymentDetails(java.lang.String)[pri:0, instance:fetchPackage.ClassToFetchDetails@7674f035]" started-at="2023-11-21T15:14:46 IST" name="fetchingPaymentDetails" data-provider="fetchSubsctiptionId" finished-at="2023-11-21T15:14:46 IST" duration-ms="132" status="PASS">
          <params>
            <param index="0">
              <value>
                <![CDATA[100620513524]]>
              </value>
            </param>
          </params>
          <reporter-output>
          </reporter-output>
        </test-method> <!-- fetchingPaymentDetails -->
        <test-method signature="fetchingPaymentDetails(java.lang.String)[pri:0, instance:fetchPackage.ClassToFetchDetails@7674f035]" started-at="2023-11-21T15:14:46 IST" name="fetchingPaymentDetails" data-provider="fetchSubsctiptionId" finished-at="2023-11-21T15:14:47 IST" duration-ms="154" status="PASS">
          <params>
            <param index="0">
              <value>
                <![CDATA[100619890973]]>
              </value>
            </param>
          </params>
          <reporter-output>
          </reporter-output>
        </test-method> <!-- fetchingPaymentDetails -->
        <test-method signature="fetchingPaymentDetails(java.lang.String)[pri:0, instance:fetchPackage.ClassToFetchDetails@7674f035]" started-at="2023-11-21T15:14:47 IST" name="fetchingPaymentDetails" data-provider="fetchSubsctiptionId" finished-at="2023-11-21T15:14:47 IST" duration-ms="240" status="PASS">
          <params>
            <param index="0">
              <value>
                <![CDATA[100635229390]]>
              </value>
            </param>
          </params>
          <reporter-output>
          </reporter-output>
        </test-method> <!-- fetchingPaymentDetails -->
        <test-method signature="fetchingPaymentDetails(java.lang.String)[pri:0, instance:fetchPackage.ClassToFetchDetails@7674f035]" started-at="2023-11-21T15:14:47 IST" name="fetchingPaymentDetails" data-provider="fetchSubsctiptionId" finished-at="2023-11-21T15:14:47 IST" duration-ms="135" status="PASS">
          <params>
            <param index="0">
              <value>
                <![CDATA[100620021264]]>
              </value>
            </param>
          </params>
          <reporter-output>
          </reporter-output>
        </test-method> <!-- fetchingPaymentDetails -->
        <test-method signature="fetchingPaymentDetails(java.lang.String)[pri:0, instance:fetchPackage.ClassToFetchDetails@7674f035]" started-at="2023-11-21T15:14:47 IST" name="fetchingPaymentDetails" data-provider="fetchSubsctiptionId" finished-at="2023-11-21T15:14:47 IST" duration-ms="149" status="PASS">
          <params>
            <param index="0">
              <value>
                <![CDATA[100620103831]]>
              </value>
            </param>
          </params>
          <reporter-output>
          </reporter-output>
        </test-method> <!-- fetchingPaymentDetails -->
        <test-method signature="fetchingPaymentDetails(java.lang.String)[pri:0, instance:fetchPackage.ClassToFetchDetails@7674f035]" started-at="2023-11-21T15:14:47 IST" name="fetchingPaymentDetails" data-provider="fetchSubsctiptionId" finished-at="2023-11-21T15:14:47 IST" duration-ms="183" status="PASS">
          <params>
            <param index="0">
              <value>
                <![CDATA[100620043534]]>
              </value>
            </param>
          </params>
          <reporter-output>
          </reporter-output>
        </test-method> <!-- fetchingPaymentDetails -->
        <test-method signature="fetchingPaymentDetails(java.lang.String)[pri:0, instance:fetchPackage.ClassToFetchDetails@7674f035]" started-at="2023-11-21T15:14:47 IST" name="fetchingPaymentDetails" data-provider="fetchSubsctiptionId" finished-at="2023-11-21T15:14:47 IST" duration-ms="113" status="PASS">
          <params>
            <param index="0">
              <value>
                <![CDATA[100620370488]]>
              </value>
            </param>
          </params>
          <reporter-output>
          </reporter-output>
        </test-method> <!-- fetchingPaymentDetails -->
        <test-method signature="fetchingPaymentDetails(java.lang.String)[pri:0, instance:fetchPackage.ClassToFetchDetails@7674f035]" started-at="2023-11-21T15:14:47 IST" name="fetchingPaymentDetails" data-provider="fetchSubsctiptionId" finished-at="2023-11-21T15:14:47 IST" duration-ms="158" status="PASS">
          <params>
            <param index="0">
              <value>
                <![CDATA[100634730735]]>
              </value>
            </param>
          </params>
          <reporter-output>
          </reporter-output>
        </test-method> <!-- fetchingPaymentDetails -->
        <test-method signature="fetchingPaymentDetails(java.lang.String)[pri:0, instance:fetchPackage.ClassToFetchDetails@7674f035]" started-at="2023-11-21T15:14:47 IST" name="fetchingPaymentDetails" data-provider="fetchSubsctiptionId" finished-at="2023-11-21T15:14:48 IST" duration-ms="204" status="PASS">
          <params>
            <param index="0">
              <value>
                <![CDATA[100621039606]]>
              </value>
            </param>
          </params>
          <reporter-output>
          </reporter-output>
        </test-method> <!-- fetchingPaymentDetails -->
        <test-method signature="fetchingPaymentDetails(java.lang.String)[pri:0, instance:fetchPackage.ClassToFetchDetails@7674f035]" started-at="2023-11-21T15:14:48 IST" name="fetchingPaymentDetails" data-provider="fetchSubsctiptionId" finished-at="2023-11-21T15:14:48 IST" duration-ms="194" status="PASS">
          <params>
            <param index="0">
              <value>
                <![CDATA[100620593518]]>
              </value>
            </param>
          </params>
          <reporter-output>
          </reporter-output>
        </test-method> <!-- fetchingPaymentDetails -->
        <test-method signature="fetchingPaymentDetails(java.lang.String)[pri:0, instance:fetchPackage.ClassToFetchDetails@7674f035]" started-at="2023-11-21T15:14:48 IST" name="fetchingPaymentDetails" data-provider="fetchSubsctiptionId" finished-at="2023-11-21T15:14:48 IST" duration-ms="143" status="PASS">
          <params>
            <param index="0">
              <value>
                <![CDATA[100620869014]]>
              </value>
            </param>
          </params>
          <reporter-output>
          </reporter-output>
        </test-method> <!-- fetchingPaymentDetails -->
        <test-method signature="fetchingPaymentDetails(java.lang.String)[pri:0, instance:fetchPackage.ClassToFetchDetails@7674f035]" started-at="2023-11-21T15:14:48 IST" name="fetchingPaymentDetails" data-provider="fetchSubsctiptionId" finished-at="2023-11-21T15:14:48 IST" duration-ms="164" status="PASS">
          <params>
            <param index="0">
              <value>
                <![CDATA[100621024052]]>
              </value>
            </param>
          </params>
          <reporter-output>
          </reporter-output>
        </test-method> <!-- fetchingPaymentDetails -->
        <test-method signature="fetchingPaymentDetails(java.lang.String)[pri:0, instance:fetchPackage.ClassToFetchDetails@7674f035]" started-at="2023-11-21T15:14:48 IST" name="fetchingPaymentDetails" data-provider="fetchSubsctiptionId" finished-at="2023-11-21T15:14:48 IST" duration-ms="155" status="PASS">
          <params>
            <param index="0">
              <value>
                <![CDATA[100620818237]]>
              </value>
            </param>
          </params>
          <reporter-output>
          </reporter-output>
        </test-method> <!-- fetchingPaymentDetails -->
        <test-method signature="fetchingPaymentDetails(java.lang.String)[pri:0, instance:fetchPackage.ClassToFetchDetails@7674f035]" started-at="2023-11-21T15:14:48 IST" name="fetchingPaymentDetails" data-provider="fetchSubsctiptionId" finished-at="2023-11-21T15:14:49 IST" duration-ms="191" status="PASS">
          <params>
            <param index="0">
              <value>
                <![CDATA[100620816997]]>
              </value>
            </param>
          </params>
          <reporter-output>
          </reporter-output>
        </test-method> <!-- fetchingPaymentDetails -->
        <test-method signature="fetchingPaymentDetails(java.lang.String)[pri:0, instance:fetchPackage.ClassToFetchDetails@7674f035]" started-at="2023-11-21T15:14:49 IST" name="fetchingPaymentDetails" data-provider="fetchSubsctiptionId" finished-at="2023-11-21T15:14:49 IST" duration-ms="103" status="PASS">
          <params>
            <param index="0">
              <value>
                <![CDATA[100621509136]]>
              </value>
            </param>
          </params>
          <reporter-output>
          </reporter-output>
        </test-method> <!-- fetchingPaymentDetails -->
        <test-method signature="fetchingPaymentDetails(java.lang.String)[pri:0, instance:fetchPackage.ClassToFetchDetails@7674f035]" started-at="2023-11-21T15:14:49 IST" name="fetchingPaymentDetails" data-provider="fetchSubsctiptionId" finished-at="2023-11-21T15:14:49 IST" duration-ms="132" status="PASS">
          <params>
            <param index="0">
              <value>
                <![CDATA[100621374167]]>
              </value>
            </param>
          </params>
          <reporter-output>
          </reporter-output>
        </test-method> <!-- fetchingPaymentDetails -->
        <test-method signature="fetchingPaymentDetails(java.lang.String)[pri:0, instance:fetchPackage.ClassToFetchDetails@7674f035]" started-at="2023-11-21T15:14:49 IST" name="fetchingPaymentDetails" data-provider="fetchSubsctiptionId" finished-at="2023-11-21T15:14:49 IST" duration-ms="129" status="PASS">
          <params>
            <param index="0">
              <value>
                <![CDATA[100623785613]]>
              </value>
            </param>
          </params>
          <reporter-output>
          </reporter-output>
        </test-method> <!-- fetchingPaymentDetails -->
        <test-method signature="fetchingPaymentDetails(java.lang.String)[pri:0, instance:fetchPackage.ClassToFetchDetails@7674f035]" started-at="2023-11-21T15:14:49 IST" name="fetchingPaymentDetails" data-provider="fetchSubsctiptionId" finished-at="2023-11-21T15:14:49 IST" duration-ms="227" status="PASS">
          <params>
            <param index="0">
              <value>
                <![CDATA[100621064288]]>
              </value>
            </param>
          </params>
          <reporter-output>
          </reporter-output>
        </test-method> <!-- fetchingPaymentDetails -->
        <test-method signature="fetchingPaymentDetails(java.lang.String)[pri:0, instance:fetchPackage.ClassToFetchDetails@7674f035]" started-at="2023-11-21T15:14:49 IST" name="fetchingPaymentDetails" data-provider="fetchSubsctiptionId" finished-at="2023-11-21T15:14:49 IST" duration-ms="139" status="PASS">
          <params>
            <param index="0">
              <value>
                <![CDATA[100621110188]]>
              </value>
            </param>
          </params>
          <reporter-output>
          </reporter-output>
        </test-method> <!-- fetchingPaymentDetails -->
        <test-method signature="fetchingPaymentDetails(java.lang.String)[pri:0, instance:fetchPackage.ClassToFetchDetails@7674f035]" started-at="2023-11-21T15:14:49 IST" name="fetchingPaymentDetails" data-provider="fetchSubsctiptionId" finished-at="2023-11-21T15:14:49 IST" duration-ms="133" status="PASS">
          <params>
            <param index="0">
              <value>
                <![CDATA[100621346288]]>
              </value>
            </param>
          </params>
          <reporter-output>
          </reporter-output>
        </test-method> <!-- fetchingPaymentDetails -->
        <test-method signature="fetchingPaymentDetails(java.lang.String)[pri:0, instance:fetchPackage.ClassToFetchDetails@7674f035]" started-at="2023-11-21T15:14:49 IST" name="fetchingPaymentDetails" data-provider="fetchSubsctiptionId" finished-at="2023-11-21T15:14:50 IST" duration-ms="135" status="PASS">
          <params>
            <param index="0">
              <value>
                <![CDATA[100621506741]]>
              </value>
            </param>
          </params>
          <reporter-output>
          </reporter-output>
        </test-method> <!-- fetchingPaymentDetails -->
        <test-method signature="fetchingPaymentDetails(java.lang.String)[pri:0, instance:fetchPackage.ClassToFetchDetails@7674f035]" started-at="2023-11-21T15:14:50 IST" name="fetchingPaymentDetails" data-provider="fetchSubsctiptionId" finished-at="2023-11-21T15:14:50 IST" duration-ms="117" status="PASS">
          <params>
            <param index="0">
              <value>
                <![CDATA[100621554286]]>
              </value>
            </param>
          </params>
          <reporter-output>
          </reporter-output>
        </test-method> <!-- fetchingPaymentDetails -->
        <test-method signature="fetchingPaymentDetails(java.lang.String)[pri:0, instance:fetchPackage.ClassToFetchDetails@7674f035]" started-at="2023-11-21T15:14:50 IST" name="fetchingPaymentDetails" data-provider="fetchSubsctiptionId" finished-at="2023-11-21T15:14:50 IST" duration-ms="124" status="PASS">
          <params>
            <param index="0">
              <value>
                <![CDATA[100621975805]]>
              </value>
            </param>
          </params>
          <reporter-output>
          </reporter-output>
        </test-method> <!-- fetchingPaymentDetails -->
        <test-method signature="fetchingPaymentDetails(java.lang.String)[pri:0, instance:fetchPackage.ClassToFetchDetails@7674f035]" started-at="2023-11-21T15:14:50 IST" name="fetchingPaymentDetails" data-provider="fetchSubsctiptionId" finished-at="2023-11-21T15:14:50 IST" duration-ms="127" status="PASS">
          <params>
            <param index="0">
              <value>
                <![CDATA[100622000932]]>
              </value>
            </param>
          </params>
          <reporter-output>
          </reporter-output>
        </test-method> <!-- fetchingPaymentDetails -->
        <test-method signature="fetchingPaymentDetails(java.lang.String)[pri:0, instance:fetchPackage.ClassToFetchDetails@7674f035]" started-at="2023-11-21T15:14:50 IST" name="fetchingPaymentDetails" data-provider="fetchSubsctiptionId" finished-at="2023-11-21T15:14:50 IST" duration-ms="159" status="PASS">
          <params>
            <param index="0">
              <value>
                <![CDATA[100622074600]]>
              </value>
            </param>
          </params>
          <reporter-output>
          </reporter-output>
        </test-method> <!-- fetchingPaymentDetails -->
        <test-method signature="fetchingPaymentDetails(java.lang.String)[pri:0, instance:fetchPackage.ClassToFetchDetails@7674f035]" started-at="2023-11-21T15:14:50 IST" name="fetchingPaymentDetails" data-provider="fetchSubsctiptionId" finished-at="2023-11-21T15:14:50 IST" duration-ms="152" status="PASS">
          <params>
            <param index="0">
              <value>
                <![CDATA[100622073578]]>
              </value>
            </param>
          </params>
          <reporter-output>
          </reporter-output>
        </test-method> <!-- fetchingPaymentDetails -->
        <test-method signature="fetchingPaymentDetails(java.lang.String)[pri:0, instance:fetchPackage.ClassToFetchDetails@7674f035]" started-at="2023-11-21T15:14:50 IST" name="fetchingPaymentDetails" data-provider="fetchSubsctiptionId" finished-at="2023-11-21T15:14:50 IST" duration-ms="141" status="PASS">
          <params>
            <param index="0">
              <value>
                <![CDATA[100622075408]]>
              </value>
            </param>
          </params>
          <reporter-output>
          </reporter-output>
        </test-method> <!-- fetchingPaymentDetails -->
        <test-method signature="fetchingPaymentDetails(java.lang.String)[pri:0, instance:fetchPackage.ClassToFetchDetails@7674f035]" started-at="2023-11-21T15:14:50 IST" name="fetchingPaymentDetails" data-provider="fetchSubsctiptionId" finished-at="2023-11-21T15:14:51 IST" duration-ms="166" status="PASS">
          <params>
            <param index="0">
              <value>
                <![CDATA[100621987581]]>
              </value>
            </param>
          </params>
          <reporter-output>
          </reporter-output>
        </test-method> <!-- fetchingPaymentDetails -->
        <test-method signature="fetchingPaymentDetails(java.lang.String)[pri:0, instance:fetchPackage.ClassToFetchDetails@7674f035]" started-at="2023-11-21T15:14:51 IST" name="fetchingPaymentDetails" data-provider="fetchSubsctiptionId" finished-at="2023-11-21T15:14:51 IST" duration-ms="154" status="PASS">
          <params>
            <param index="0">
              <value>
                <![CDATA[100622019481]]>
              </value>
            </param>
          </params>
          <reporter-output>
          </reporter-output>
        </test-method> <!-- fetchingPaymentDetails -->
        <test-method signature="fetchingPaymentDetails(java.lang.String)[pri:0, instance:fetchPackage.ClassToFetchDetails@7674f035]" started-at="2023-11-21T15:14:51 IST" name="fetchingPaymentDetails" data-provider="fetchSubsctiptionId" finished-at="2023-11-21T15:14:51 IST" duration-ms="116" status="PASS">
          <params>
            <param index="0">
              <value>
                <![CDATA[100622032694]]>
              </value>
            </param>
          </params>
          <reporter-output>
          </reporter-output>
        </test-method> <!-- fetchingPaymentDetails -->
        <test-method signature="fetchingPaymentDetails(java.lang.String)[pri:0, instance:fetchPackage.ClassToFetchDetails@7674f035]" started-at="2023-11-21T15:14:51 IST" name="fetchingPaymentDetails" data-provider="fetchSubsctiptionId" finished-at="2023-11-21T15:14:51 IST" duration-ms="109" status="PASS">
          <params>
            <param index="0">
              <value>
                <![CDATA[100622085140]]>
              </value>
            </param>
          </params>
          <reporter-output>
          </reporter-output>
        </test-method> <!-- fetchingPaymentDetails -->
        <test-method signature="fetchingPaymentDetails(java.lang.String)[pri:0, instance:fetchPackage.ClassToFetchDetails@7674f035]" started-at="2023-11-21T15:14:51 IST" name="fetchingPaymentDetails" data-provider="fetchSubsctiptionId" finished-at="2023-11-21T15:14:51 IST" duration-ms="122" status="PASS">
          <params>
            <param index="0">
              <value>
                <![CDATA[100622070404]]>
              </value>
            </param>
          </params>
          <reporter-output>
          </reporter-output>
        </test-method> <!-- fetchingPaymentDetails -->
        <test-method signature="fetchingPaymentDetails(java.lang.String)[pri:0, instance:fetchPackage.ClassToFetchDetails@7674f035]" started-at="2023-11-21T15:14:51 IST" name="fetchingPaymentDetails" data-provider="fetchSubsctiptionId" finished-at="2023-11-21T15:14:51 IST" duration-ms="144" status="PASS">
          <params>
            <param index="0">
              <value>
                <![CDATA[100622243938]]>
              </value>
            </param>
          </params>
          <reporter-output>
          </reporter-output>
        </test-method> <!-- fetchingPaymentDetails -->
        <test-method signature="fetchingPaymentDetails(java.lang.String)[pri:0, instance:fetchPackage.ClassToFetchDetails@7674f035]" started-at="2023-11-21T15:14:51 IST" name="fetchingPaymentDetails" data-provider="fetchSubsctiptionId" finished-at="2023-11-21T15:14:51 IST" duration-ms="180" status="PASS">
          <params>
            <param index="0">
              <value>
                <![CDATA[100622299284]]>
              </value>
            </param>
          </params>
          <reporter-output>
          </reporter-output>
        </test-method> <!-- fetchingPaymentDetails -->
        <test-method signature="fetchingPaymentDetails(java.lang.String)[pri:0, instance:fetchPackage.ClassToFetchDetails@7674f035]" started-at="2023-11-21T15:14:51 IST" name="fetchingPaymentDetails" data-provider="fetchSubsctiptionId" finished-at="2023-11-21T15:14:52 IST" duration-ms="128" status="PASS">
          <params>
            <param index="0">
              <value>
                <![CDATA[100622331385]]>
              </value>
            </param>
          </params>
          <reporter-output>
          </reporter-output>
        </test-method> <!-- fetchingPaymentDetails -->
        <test-method signature="fetchingPaymentDetails(java.lang.String)[pri:0, instance:fetchPackage.ClassToFetchDetails@7674f035]" started-at="2023-11-21T15:14:52 IST" name="fetchingPaymentDetails" data-provider="fetchSubsctiptionId" finished-at="2023-11-21T15:14:52 IST" duration-ms="119" status="PASS">
          <params>
            <param index="0">
              <value>
                <![CDATA[100622345959]]>
              </value>
            </param>
          </params>
          <reporter-output>
          </reporter-output>
        </test-method> <!-- fetchingPaymentDetails -->
        <test-method signature="fetchingPaymentDetails(java.lang.String)[pri:0, instance:fetchPackage.ClassToFetchDetails@7674f035]" started-at="2023-11-21T15:14:52 IST" name="fetchingPaymentDetails" data-provider="fetchSubsctiptionId" finished-at="2023-11-21T15:14:52 IST" duration-ms="120" status="PASS">
          <params>
            <param index="0">
              <value>
                <![CDATA[100622517194]]>
              </value>
            </param>
          </params>
          <reporter-output>
          </reporter-output>
        </test-method> <!-- fetchingPaymentDetails -->
        <test-method signature="fetchingPaymentDetails(java.lang.String)[pri:0, instance:fetchPackage.ClassToFetchDetails@7674f035]" started-at="2023-11-21T15:14:52 IST" name="fetchingPaymentDetails" data-provider="fetchSubsctiptionId" finished-at="2023-11-21T15:14:52 IST" duration-ms="100" status="PASS">
          <params>
            <param index="0">
              <value>
                <![CDATA[100622459055]]>
              </value>
            </param>
          </params>
          <reporter-output>
          </reporter-output>
        </test-method> <!-- fetchingPaymentDetails -->
        <test-method signature="fetchingPaymentDetails(java.lang.String)[pri:0, instance:fetchPackage.ClassToFetchDetails@7674f035]" started-at="2023-11-21T15:14:52 IST" name="fetchingPaymentDetails" data-provider="fetchSubsctiptionId" finished-at="2023-11-21T15:14:52 IST" duration-ms="163" status="PASS">
          <params>
            <param index="0">
              <value>
                <![CDATA[100622490308]]>
              </value>
            </param>
          </params>
          <reporter-output>
          </reporter-output>
        </test-method> <!-- fetchingPaymentDetails -->
        <test-method signature="fetchingPaymentDetails(java.lang.String)[pri:0, instance:fetchPackage.ClassToFetchDetails@7674f035]" started-at="2023-11-21T15:14:52 IST" name="fetchingPaymentDetails" data-provider="fetchSubsctiptionId" finished-at="2023-11-21T15:14:52 IST" duration-ms="186" status="PASS">
          <params>
            <param index="0">
              <value>
                <![CDATA[100622565526]]>
              </value>
            </param>
          </params>
          <reporter-output>
          </reporter-output>
        </test-method> <!-- fetchingPaymentDetails -->
        <test-method signature="fetchingPaymentDetails(java.lang.String)[pri:0, instance:fetchPackage.ClassToFetchDetails@7674f035]" started-at="2023-11-21T15:14:52 IST" name="fetchingPaymentDetails" data-provider="fetchSubsctiptionId" finished-at="2023-11-21T15:14:52 IST" duration-ms="124" status="PASS">
          <params>
            <param index="0">
              <value>
                <![CDATA[100622483057]]>
              </value>
            </param>
          </params>
          <reporter-output>
          </reporter-output>
        </test-method> <!-- fetchingPaymentDetails -->
        <test-method signature="fetchingPaymentDetails(java.lang.String)[pri:0, instance:fetchPackage.ClassToFetchDetails@7674f035]" started-at="2023-11-21T15:14:52 IST" name="fetchingPaymentDetails" data-provider="fetchSubsctiptionId" finished-at="2023-11-21T15:14:53 IST" duration-ms="352" status="PASS">
          <params>
            <param index="0">
              <value>
                <![CDATA[100622532347]]>
              </value>
            </param>
          </params>
          <reporter-output>
          </reporter-output>
        </test-method> <!-- fetchingPaymentDetails -->
        <test-method signature="fetchingPaymentDetails(java.lang.String)[pri:0, instance:fetchPackage.ClassToFetchDetails@7674f035]" started-at="2023-11-21T15:14:53 IST" name="fetchingPaymentDetails" data-provider="fetchSubsctiptionId" finished-at="2023-11-21T15:14:53 IST" duration-ms="157" status="PASS">
          <params>
            <param index="0">
              <value>
                <![CDATA[100622850119]]>
              </value>
            </param>
          </params>
          <reporter-output>
          </reporter-output>
        </test-method> <!-- fetchingPaymentDetails -->
        <test-method signature="fetchingPaymentDetails(java.lang.String)[pri:0, instance:fetchPackage.ClassToFetchDetails@7674f035]" started-at="2023-11-21T15:14:53 IST" name="fetchingPaymentDetails" data-provider="fetchSubsctiptionId" finished-at="2023-11-21T15:14:53 IST" duration-ms="162" status="PASS">
          <params>
            <param index="0">
              <value>
                <![CDATA[100622843331]]>
              </value>
            </param>
          </params>
          <reporter-output>
          </reporter-output>
        </test-method> <!-- fetchingPaymentDetails -->
        <test-method signature="fetchingPaymentDetails(java.lang.String)[pri:0, instance:fetchPackage.ClassToFetchDetails@7674f035]" started-at="2023-11-21T15:14:53 IST" name="fetchingPaymentDetails" data-provider="fetchSubsctiptionId" finished-at="2023-11-21T15:14:53 IST" duration-ms="95" status="PASS">
          <params>
            <param index="0">
              <value>
                <![CDATA[100622762883]]>
              </value>
            </param>
          </params>
          <reporter-output>
          </reporter-output>
        </test-method> <!-- fetchingPaymentDetails -->
        <test-method signature="fetchingPaymentDetails(java.lang.String)[pri:0, instance:fetchPackage.ClassToFetchDetails@7674f035]" started-at="2023-11-21T15:14:53 IST" name="fetchingPaymentDetails" data-provider="fetchSubsctiptionId" finished-at="2023-11-21T15:14:53 IST" duration-ms="143" status="PASS">
          <params>
            <param index="0">
              <value>
                <![CDATA[100622762121]]>
              </value>
            </param>
          </params>
          <reporter-output>
          </reporter-output>
        </test-method> <!-- fetchingPaymentDetails -->
        <test-method signature="fetchingPaymentDetails(java.lang.String)[pri:0, instance:fetchPackage.ClassToFetchDetails@7674f035]" started-at="2023-11-21T15:14:53 IST" name="fetchingPaymentDetails" data-provider="fetchSubsctiptionId" finished-at="2023-11-21T15:14:53 IST" duration-ms="146" status="PASS">
          <params>
            <param index="0">
              <value>
                <![CDATA[100622774596]]>
              </value>
            </param>
          </params>
          <reporter-output>
          </reporter-output>
        </test-method> <!-- fetchingPaymentDetails -->
        <test-method signature="fetchingPaymentDetails(java.lang.String)[pri:0, instance:fetchPackage.ClassToFetchDetails@7674f035]" started-at="2023-11-21T15:14:53 IST" name="fetchingPaymentDetails" data-provider="fetchSubsctiptionId" finished-at="2023-11-21T15:14:54 IST" duration-ms="139" status="PASS">
          <params>
            <param index="0">
              <value>
                <![CDATA[100622792400]]>
              </value>
            </param>
          </params>
          <reporter-output>
          </reporter-output>
        </test-method> <!-- fetchingPaymentDetails -->
        <test-method signature="fetchingPaymentDetails(java.lang.String)[pri:0, instance:fetchPackage.ClassToFetchDetails@7674f035]" started-at="2023-11-21T15:14:54 IST" name="fetchingPaymentDetails" data-provider="fetchSubsctiptionId" finished-at="2023-11-21T15:14:54 IST" duration-ms="107" status="PASS">
          <params>
            <param index="0">
              <value>
                <![CDATA[100622833802]]>
              </value>
            </param>
          </params>
          <reporter-output>
          </reporter-output>
        </test-method> <!-- fetchingPaymentDetails -->
        <test-method signature="fetchingPaymentDetails(java.lang.String)[pri:0, instance:fetchPackage.ClassToFetchDetails@7674f035]" started-at="2023-11-21T15:14:54 IST" name="fetchingPaymentDetails" data-provider="fetchSubsctiptionId" finished-at="2023-11-21T15:14:54 IST" duration-ms="123" status="PASS">
          <params>
            <param index="0">
              <value>
                <![CDATA[100622735893]]>
              </value>
            </param>
          </params>
          <reporter-output>
          </reporter-output>
        </test-method> <!-- fetchingPaymentDetails -->
        <test-method signature="fetchingPaymentDetails(java.lang.String)[pri:0, instance:fetchPackage.ClassToFetchDetails@7674f035]" started-at="2023-11-21T15:14:54 IST" name="fetchingPaymentDetails" data-provider="fetchSubsctiptionId" finished-at="2023-11-21T15:14:54 IST" duration-ms="149" status="PASS">
          <params>
            <param index="0">
              <value>
                <![CDATA[100622761006]]>
              </value>
            </param>
          </params>
          <reporter-output>
          </reporter-output>
        </test-method> <!-- fetchingPaymentDetails -->
        <test-method signature="fetchingPaymentDetails(java.lang.String)[pri:0, instance:fetchPackage.ClassToFetchDetails@7674f035]" started-at="2023-11-21T15:14:54 IST" name="fetchingPaymentDetails" data-provider="fetchSubsctiptionId" finished-at="2023-11-21T15:14:54 IST" duration-ms="211" status="PASS">
          <params>
            <param index="0">
              <value>
                <![CDATA[100622842590]]>
              </value>
            </param>
          </params>
          <reporter-output>
          </reporter-output>
        </test-method> <!-- fetchingPaymentDetails -->
        <test-method signature="fetchingPaymentDetails(java.lang.String)[pri:0, instance:fetchPackage.ClassToFetchDetails@7674f035]" started-at="2023-11-21T15:14:54 IST" name="fetchingPaymentDetails" data-provider="fetchSubsctiptionId" finished-at="2023-11-21T15:14:54 IST" duration-ms="187" status="PASS">
          <params>
            <param index="0">
              <value>
                <![CDATA[100622713991]]>
              </value>
            </param>
          </params>
          <reporter-output>
          </reporter-output>
        </test-method> <!-- fetchingPaymentDetails -->
        <test-method signature="fetchingPaymentDetails(java.lang.String)[pri:0, instance:fetchPackage.ClassToFetchDetails@7674f035]" started-at="2023-11-21T15:14:54 IST" name="fetchingPaymentDetails" data-provider="fetchSubsctiptionId" finished-at="2023-11-21T15:14:54 IST" duration-ms="117" status="PASS">
          <params>
            <param index="0">
              <value>
                <![CDATA[100623025657]]>
              </value>
            </param>
          </params>
          <reporter-output>
          </reporter-output>
        </test-method> <!-- fetchingPaymentDetails -->
        <test-method signature="fetchingPaymentDetails(java.lang.String)[pri:0, instance:fetchPackage.ClassToFetchDetails@7674f035]" started-at="2023-11-21T15:14:54 IST" name="fetchingPaymentDetails" data-provider="fetchSubsctiptionId" finished-at="2023-11-21T15:14:55 IST" duration-ms="204" status="PASS">
          <params>
            <param index="0">
              <value>
                <![CDATA[100623015345]]>
              </value>
            </param>
          </params>
          <reporter-output>
          </reporter-output>
        </test-method> <!-- fetchingPaymentDetails -->
        <test-method signature="fetchingPaymentDetails(java.lang.String)[pri:0, instance:fetchPackage.ClassToFetchDetails@7674f035]" started-at="2023-11-21T15:14:55 IST" name="fetchingPaymentDetails" data-provider="fetchSubsctiptionId" finished-at="2023-11-21T15:14:55 IST" duration-ms="162" status="PASS">
          <params>
            <param index="0">
              <value>
                <![CDATA[100622958650]]>
              </value>
            </param>
          </params>
          <reporter-output>
          </reporter-output>
        </test-method> <!-- fetchingPaymentDetails -->
        <test-method signature="fetchingPaymentDetails(java.lang.String)[pri:0, instance:fetchPackage.ClassToFetchDetails@7674f035]" started-at="2023-11-21T15:14:55 IST" name="fetchingPaymentDetails" data-provider="fetchSubsctiptionId" finished-at="2023-11-21T15:14:55 IST" duration-ms="130" status="PASS">
          <params>
            <param index="0">
              <value>
                <![CDATA[100623001861]]>
              </value>
            </param>
          </params>
          <reporter-output>
          </reporter-output>
        </test-method> <!-- fetchingPaymentDetails -->
        <test-method signature="fetchingPaymentDetails(java.lang.String)[pri:0, instance:fetchPackage.ClassToFetchDetails@7674f035]" started-at="2023-11-21T15:14:55 IST" name="fetchingPaymentDetails" data-provider="fetchSubsctiptionId" finished-at="2023-11-21T15:14:55 IST" duration-ms="143" status="PASS">
          <params>
            <param index="0">
              <value>
                <![CDATA[100623019453]]>
              </value>
            </param>
          </params>
          <reporter-output>
          </reporter-output>
        </test-method> <!-- fetchingPaymentDetails -->
        <test-method signature="fetchingPaymentDetails(java.lang.String)[pri:0, instance:fetchPackage.ClassToFetchDetails@7674f035]" started-at="2023-11-21T15:14:55 IST" name="fetchingPaymentDetails" data-provider="fetchSubsctiptionId" finished-at="2023-11-21T15:14:55 IST" duration-ms="161" status="PASS">
          <params>
            <param index="0">
              <value>
                <![CDATA[100622997039]]>
              </value>
            </param>
          </params>
          <reporter-output>
          </reporter-output>
        </test-method> <!-- fetchingPaymentDetails -->
        <test-method signature="fetchingPaymentDetails(java.lang.String)[pri:0, instance:fetchPackage.ClassToFetchDetails@7674f035]" started-at="2023-11-21T15:14:55 IST" name="fetchingPaymentDetails" data-provider="fetchSubsctiptionId" finished-at="2023-11-21T15:14:55 IST" duration-ms="129" status="PASS">
          <params>
            <param index="0">
              <value>
                <![CDATA[100623066894]]>
              </value>
            </param>
          </params>
          <reporter-output>
          </reporter-output>
        </test-method> <!-- fetchingPaymentDetails -->
        <test-method signature="fetchingPaymentDetails(java.lang.String)[pri:0, instance:fetchPackage.ClassToFetchDetails@7674f035]" started-at="2023-11-21T15:14:55 IST" name="fetchingPaymentDetails" data-provider="fetchSubsctiptionId" finished-at="2023-11-21T15:14:56 IST" duration-ms="108" status="PASS">
          <params>
            <param index="0">
              <value>
                <![CDATA[100623321166]]>
              </value>
            </param>
          </params>
          <reporter-output>
          </reporter-output>
        </test-method> <!-- fetchingPaymentDetails -->
        <test-method signature="fetchingPaymentDetails(java.lang.String)[pri:0, instance:fetchPackage.ClassToFetchDetails@7674f035]" started-at="2023-11-21T15:14:56 IST" name="fetchingPaymentDetails" data-provider="fetchSubsctiptionId" finished-at="2023-11-21T15:14:56 IST" duration-ms="168" status="PASS">
          <params>
            <param index="0">
              <value>
                <![CDATA[100623246221]]>
              </value>
            </param>
          </params>
          <reporter-output>
          </reporter-output>
        </test-method> <!-- fetchingPaymentDetails -->
        <test-method signature="fetchingPaymentDetails(java.lang.String)[pri:0, instance:fetchPackage.ClassToFetchDetails@7674f035]" started-at="2023-11-21T15:14:56 IST" name="fetchingPaymentDetails" data-provider="fetchSubsctiptionId" finished-at="2023-11-21T15:14:56 IST" duration-ms="120" status="PASS">
          <params>
            <param index="0">
              <value>
                <![CDATA[100623255541]]>
              </value>
            </param>
          </params>
          <reporter-output>
          </reporter-output>
        </test-method> <!-- fetchingPaymentDetails -->
        <test-method signature="fetchingPaymentDetails(java.lang.String)[pri:0, instance:fetchPackage.ClassToFetchDetails@7674f035]" started-at="2023-11-21T15:14:56 IST" name="fetchingPaymentDetails" data-provider="fetchSubsctiptionId" finished-at="2023-11-21T15:14:56 IST" duration-ms="264" status="PASS">
          <params>
            <param index="0">
              <value>
                <![CDATA[100623339993]]>
              </value>
            </param>
          </params>
          <reporter-output>
          </reporter-output>
        </test-method> <!-- fetchingPaymentDetails -->
        <test-method signature="fetchingPaymentDetails(java.lang.String)[pri:0, instance:fetchPackage.ClassToFetchDetails@7674f035]" started-at="2023-11-21T15:14:56 IST" name="fetchingPaymentDetails" data-provider="fetchSubsctiptionId" finished-at="2023-11-21T15:14:56 IST" duration-ms="156" status="PASS">
          <params>
            <param index="0">
              <value>
                <![CDATA[100623304237]]>
              </value>
            </param>
          </params>
          <reporter-output>
          </reporter-output>
        </test-method> <!-- fetchingPaymentDetails -->
        <test-method signature="fetchingPaymentDetails(java.lang.String)[pri:0, instance:fetchPackage.ClassToFetchDetails@7674f035]" started-at="2023-11-21T15:14:56 IST" name="fetchingPaymentDetails" data-provider="fetchSubsctiptionId" finished-at="2023-11-21T15:14:56 IST" duration-ms="269" status="PASS">
          <params>
            <param index="0">
              <value>
                <![CDATA[100623292865]]>
              </value>
            </param>
          </params>
          <reporter-output>
          </reporter-output>
        </test-method> <!-- fetchingPaymentDetails -->
        <test-method signature="fetchingPaymentDetails(java.lang.String)[pri:0, instance:fetchPackage.ClassToFetchDetails@7674f035]" started-at="2023-11-21T15:14:56 IST" name="fetchingPaymentDetails" data-provider="fetchSubsctiptionId" finished-at="2023-11-21T15:14:57 IST" duration-ms="204" status="PASS">
          <params>
            <param index="0">
              <value>
                <![CDATA[100623803001]]>
              </value>
            </param>
          </params>
          <reporter-output>
          </reporter-output>
        </test-method> <!-- fetchingPaymentDetails -->
        <test-method signature="fetchingPaymentDetails(java.lang.String)[pri:0, instance:fetchPackage.ClassToFetchDetails@7674f035]" started-at="2023-11-21T15:14:57 IST" name="fetchingPaymentDetails" data-provider="fetchSubsctiptionId" finished-at="2023-11-21T15:14:57 IST" duration-ms="129" status="PASS">
          <params>
            <param index="0">
              <value>
                <![CDATA[100623700351]]>
              </value>
            </param>
          </params>
          <reporter-output>
          </reporter-output>
        </test-method> <!-- fetchingPaymentDetails -->
        <test-method signature="fetchingPaymentDetails(java.lang.String)[pri:0, instance:fetchPackage.ClassToFetchDetails@7674f035]" started-at="2023-11-21T15:14:57 IST" name="fetchingPaymentDetails" data-provider="fetchSubsctiptionId" finished-at="2023-11-21T15:14:57 IST" duration-ms="94" status="PASS">
          <params>
            <param index="0">
              <value>
                <![CDATA[100623786080]]>
              </value>
            </param>
          </params>
          <reporter-output>
          </reporter-output>
        </test-method> <!-- fetchingPaymentDetails -->
        <test-method signature="fetchingPaymentDetails(java.lang.String)[pri:0, instance:fetchPackage.ClassToFetchDetails@7674f035]" started-at="2023-11-21T15:14:57 IST" name="fetchingPaymentDetails" data-provider="fetchSubsctiptionId" finished-at="2023-11-21T15:14:57 IST" duration-ms="216" status="PASS">
          <params>
            <param index="0">
              <value>
                <![CDATA[100623769519]]>
              </value>
            </param>
          </params>
          <reporter-output>
          </reporter-output>
        </test-method> <!-- fetchingPaymentDetails -->
        <test-method signature="fetchingPaymentDetails(java.lang.String)[pri:0, instance:fetchPackage.ClassToFetchDetails@7674f035]" started-at="2023-11-21T15:14:57 IST" name="fetchingPaymentDetails" data-provider="fetchSubsctiptionId" finished-at="2023-11-21T15:14:57 IST" duration-ms="102" status="PASS">
          <params>
            <param index="0">
              <value>
                <![CDATA[100623709941]]>
              </value>
            </param>
          </params>
          <reporter-output>
          </reporter-output>
        </test-method> <!-- fetchingPaymentDetails -->
        <test-method signature="fetchingPaymentDetails(java.lang.String)[pri:0, instance:fetchPackage.ClassToFetchDetails@7674f035]" started-at="2023-11-21T15:14:57 IST" name="fetchingPaymentDetails" data-provider="fetchSubsctiptionId" finished-at="2023-11-21T15:14:57 IST" duration-ms="108" status="PASS">
          <params>
            <param index="0">
              <value>
                <![CDATA[100623948070]]>
              </value>
            </param>
          </params>
          <reporter-output>
          </reporter-output>
        </test-method> <!-- fetchingPaymentDetails -->
        <test-method signature="fetchingPaymentDetails(java.lang.String)[pri:0, instance:fetchPackage.ClassToFetchDetails@7674f035]" started-at="2023-11-21T15:14:57 IST" name="fetchingPaymentDetails" data-provider="fetchSubsctiptionId" finished-at="2023-11-21T15:14:58 IST" duration-ms="164" status="PASS">
          <params>
            <param index="0">
              <value>
                <![CDATA[100623981651]]>
              </value>
            </param>
          </params>
          <reporter-output>
          </reporter-output>
        </test-method> <!-- fetchingPaymentDetails -->
        <test-method signature="fetchingPaymentDetails(java.lang.String)[pri:0, instance:fetchPackage.ClassToFetchDetails@7674f035]" started-at="2023-11-21T15:14:58 IST" name="fetchingPaymentDetails" data-provider="fetchSubsctiptionId" finished-at="2023-11-21T15:14:58 IST" duration-ms="113" status="PASS">
          <params>
            <param index="0">
              <value>
                <![CDATA[100624026396]]>
              </value>
            </param>
          </params>
          <reporter-output>
          </reporter-output>
        </test-method> <!-- fetchingPaymentDetails -->
        <test-method signature="fetchingPaymentDetails(java.lang.String)[pri:0, instance:fetchPackage.ClassToFetchDetails@7674f035]" started-at="2023-11-21T15:14:58 IST" name="fetchingPaymentDetails" data-provider="fetchSubsctiptionId" finished-at="2023-11-21T15:14:58 IST" duration-ms="147" status="PASS">
          <params>
            <param index="0">
              <value>
                <![CDATA[100624028355]]>
              </value>
            </param>
          </params>
          <reporter-output>
          </reporter-output>
        </test-method> <!-- fetchingPaymentDetails -->
        <test-method signature="fetchingPaymentDetails(java.lang.String)[pri:0, instance:fetchPackage.ClassToFetchDetails@7674f035]" started-at="2023-11-21T15:14:58 IST" name="fetchingPaymentDetails" data-provider="fetchSubsctiptionId" finished-at="2023-11-21T15:14:58 IST" duration-ms="121" status="PASS">
          <params>
            <param index="0">
              <value>
                <![CDATA[100623993531]]>
              </value>
            </param>
          </params>
          <reporter-output>
          </reporter-output>
        </test-method> <!-- fetchingPaymentDetails -->
[...]
          <params>
            <param index="0">
              <value>
                <![CDATA[100661821100]]>
              </value>
            </param>
          </params>
          <reporter-output>
          </reporter-output>
        </test-method> <!-- fetchingPaymentDetails -->
        <test-method signature="fetchingPaymentDetails(java.lang.String)[pri:0, instance:fetchPackage.ClassToFetchDetails@7674f035]" started-at="2023-11-21T15:17:41 IST" name="fetchingPaymentDetails" data-provider="fetchSubsctiptionId" finished-at="2023-11-21T15:17:41 IST" duration-ms="128" status="PASS">
          <params>
            <param index="0">
              <value>
                <![CDATA[100663454447]]>
              </value>
            </param>
          </params>
          <reporter-output>
          </reporter-output>
        </test-method> <!-- fetchingPaymentDetails -->
        <test-method signature="fetchingPaymentDetails(java.lang.String)[pri:0, instance:fetchPackage.ClassToFetchDetails@7674f035]" started-at="2023-11-21T15:17:41 IST" name="fetchingPaymentDetails" data-provider="fetchSubsctiptionId" finished-at="2023-11-21T15:17:41 IST" duration-ms="108" status="PASS">
          <params>
            <param index="0">
              <value>
                <![CDATA[100662788604]]>
              </value>
            </param>
          </params>
          <reporter-output>
          </reporter-output>
        </test-method> <!-- fetchingPaymentDetails -->
        <test-method signature="fetchingPaymentDetails(java.lang.String)[pri:0, instance:fetchPackage.ClassToFetchDetails@7674f035]" started-at="2023-11-21T15:17:41 IST" name="fetchingPaymentDetails" data-provider="fetchSubsctiptionId" finished-at="2023-11-21T15:17:41 IST" duration-ms="158" status="PASS">
          <params>
            <param index="0">
              <value>
                <![CDATA[100664846395]]>
              </value>
            </param>
          </params>
          <reporter-output>
          </reporter-output>
        </test-method> <!-- fetchingPaymentDetails -->
        <test-method signature="fetchingPaymentDetails(java.lang.String)[pri:0, instance:fetchPackage.ClassToFetchDetails@7674f035]" started-at="2023-11-21T15:17:41 IST" name="fetchingPaymentDetails" data-provider="fetchSubsctiptionId" finished-at="2023-11-21T15:17:41 IST" duration-ms="127" status="PASS">
          <params>
            <param index="0">
              <value>
                <![CDATA[100662865497]]>
              </value>
            </param>
          </params>
          <reporter-output>
          </reporter-output>
        </test-method> <!-- fetchingPaymentDetails -->
        <test-method signature="fetchingPaymentDetails(java.lang.String)[pri:0, instance:fetchPackage.ClassToFetchDetails@7674f035]" started-at="2023-11-21T15:17:41 IST" name="fetchingPaymentDetails" data-provider="fetchSubsctiptionId" finished-at="2023-11-21T15:17:41 IST" duration-ms="92" status="PASS">
          <params>
            <param index="0">
              <value>
                <![CDATA[100662395303]]>
              </value>
            </param>
          </params>
          <reporter-output>
          </reporter-output>
        </test-method> <!-- fetchingPaymentDetails -->
        <test-method signature="fetchingPaymentDetails(java.lang.String)[pri:0, instance:fetchPackage.ClassToFetchDetails@7674f035]" started-at="2023-11-21T15:17:41 IST" name="fetchingPaymentDetails" data-provider="fetchSubsctiptionId" finished-at="2023-11-21T15:17:41 IST" duration-ms="122" status="PASS">
          <params>
            <param index="0">
              <value>
                <![CDATA[100670640476]]>
              </value>
            </param>
          </params>
          <reporter-output>
          </reporter-output>
        </test-method> <!-- fetchingPaymentDetails -->
        <test-method signature="fetchingPaymentDetails(java.lang.String)[pri:0, instance:fetchPackage.ClassToFetchDetails@7674f035]" started-at="2023-11-21T15:17:41 IST" name="fetchingPaymentDetails" data-provider="fetchSubsctiptionId" finished-at="2023-11-21T15:17:42 IST" duration-ms="158" status="PASS">
          <params>
            <param index="0">
              <value>
                <![CDATA[100666231241]]>
              </value>
            </param>
          </params>
          <reporter-output>
          </reporter-output>
        </test-method> <!-- fetchingPaymentDetails -->
        <test-method signature="fetchingPaymentDetails(java.lang.String)[pri:0, instance:fetchPackage.ClassToFetchDetails@7674f035]" started-at="2023-11-21T15:17:42 IST" name="fetchingPaymentDetails" data-provider="fetchSubsctiptionId" finished-at="2023-11-21T15:17:42 IST" duration-ms="126" status="PASS">
          <params>
            <param index="0">
              <value>
                <![CDATA[100662916310]]>
              </value>
            </param>
          </params>
          <reporter-output>
          </reporter-output>
        </test-method> <!-- fetchingPaymentDetails -->
        <test-method signature="fetchingPaymentDetails(java.lang.String)[pri:0, instance:fetchPackage.ClassToFetchDetails@7674f035]" started-at="2023-11-21T15:17:42 IST" name="fetchingPaymentDetails" data-provider="fetchSubsctiptionId" finished-at="2023-11-21T15:17:42 IST" duration-ms="96" status="PASS">
          <params>
            <param index="0">
              <value>
                <![CDATA[100669777889]]>
              </value>
            </param>
          </params>
          <reporter-output>
          </reporter-output>
        </test-method> <!-- fetchingPaymentDetails -->
        <test-method signature="fetchingPaymentDetails(java.lang.String)[pri:0, instance:fetchPackage.ClassToFetchDetails@7674f035]" started-at="2023-11-21T15:17:42 IST" name="fetchingPaymentDetails" data-provider="fetchSubsctiptionId" finished-at="2023-11-21T15:17:42 IST" duration-ms="107" status="PASS">
          <params>
            <param index="0">
              <value>
                <![CDATA[100663941363]]>
              </value>
            </param>
          </params>
          <reporter-output>
          </reporter-output>
        </test-method> <!-- fetchingPaymentDetails -->
        <test-method signature="fetchingPaymentDetails(java.lang.String)[pri:0, instance:fetchPackage.ClassToFetchDetails@7674f035]" started-at="2023-11-21T15:17:42 IST" name="fetchingPaymentDetails" data-provider="fetchSubsctiptionId" finished-at="2023-11-21T15:17:42 IST" duration-ms="116" status="PASS">
          <params>
            <param index="0">
              <value>
                <![CDATA[100663886842]]>
              </value>
            </param>
          </params>
          <reporter-output>
          </reporter-output>
        </test-method> <!-- fetchingPaymentDetails -->
        <test-method signature="fetchingPaymentDetails(java.lang.String)[pri:0, instance:fetchPackage.ClassToFetchDetails@7674f035]" started-at="2023-11-21T15:17:42 IST" name="fetchingPaymentDetails" data-provider="fetchSubsctiptionId" finished-at="2023-11-21T15:17:42 IST" duration-ms="92" status="PASS">
          <params>
            <param index="0">
              <value>
                <![CDATA[100664240380]]>
              </value>
            </param>
          </params>
          <reporter-output>
          </reporter-output>
        </test-method> <!-- fetchingPaymentDetails -->
        <test-method signature="fetchingPaymentDetails(java.lang.String)[pri:0, instance:fetchPackage.ClassToFetchDetails@7674f035]" started-at="2023-11-21T15:17:42 IST" name="fetchingPaymentDetails" data-provider="fetchSubsctiptionId" finished-at="2023-11-21T15:17:42 IST" duration-ms="106" status="PASS">
          <params>
            <param index="0">
              <value>
                <![CDATA[100664440060]]>
              </value>
            </param>
          </params>
          <reporter-output>
          </reporter-output>
        </test-method> <!-- fetchingPaymentDetails -->
        <test-method signature="fetchingPaymentDetails(java.lang.String)[pri:0, instance:fetchPackage.ClassToFetchDetails@7674f035]" started-at="2023-11-21T15:17:42 IST" name="fetchingPaymentDetails" data-provider="fetchSubsctiptionId" finished-at="2023-11-21T15:17:42 IST" duration-ms="133" status="PASS">
          <params>
            <param index="0">
              <value>
                <![CDATA[100666186399]]>
              </value>
            </param>
          </params>
          <reporter-output>
          </reporter-output>
        </test-method> <!-- fetchingPaymentDetails -->
        <test-method signature="fetchingPaymentDetails(java.lang.String)[pri:0, instance:fetchPackage.ClassToFetchDetails@7674f035]" started-at="2023-11-21T15:17:42 IST" name="fetchingPaymentDetails" data-provider="fetchSubsctiptionId" finished-at="2023-11-21T15:17:43 IST" duration-ms="102" status="PASS">
          <params>
            <param index="0">
              <value>
                <![CDATA[100666921493]]>
              </value>
            </param>
          </params>
          <reporter-output>
          </reporter-output>
        </test-method> <!-- fetchingPaymentDetails -->
        <test-method signature="fetchingPaymentDetails(java.lang.String)[pri:0, instance:fetchPackage.ClassToFetchDetails@7674f035]" started-at="2023-11-21T15:17:43 IST" name="fetchingPaymentDetails" data-provider="fetchSubsctiptionId" finished-at="2023-11-21T15:17:43 IST" duration-ms="91" status="PASS">
          <params>
            <param index="0">
              <value>
                <![CDATA[100665749980]]>
              </value>
            </param>
          </params>
          <reporter-output>
          </reporter-output>
        </test-method> <!-- fetchingPaymentDetails -->
        <test-method signature="fetchingPaymentDetails(java.lang.String)[pri:0, instance:fetchPackage.ClassToFetchDetails@7674f035]" started-at="2023-11-21T15:17:43 IST" name="fetchingPaymentDetails" data-provider="fetchSubsctiptionId" finished-at="2023-11-21T15:17:43 IST" duration-ms="119" status="PASS">
          <params>
            <param index="0">
              <value>
                <![CDATA[100665822105]]>
              </value>
            </param>
          </params>
          <reporter-output>
          </reporter-output>
        </test-method> <!-- fetchingPaymentDetails -->
        <test-method signature="fetchingPaymentDetails(java.lang.String)[pri:0, instance:fetchPackage.ClassToFetchDetails@7674f035]" started-at="2023-11-21T15:17:43 IST" name="fetchingPaymentDetails" data-provider="fetchSubsctiptionId" finished-at="2023-11-21T15:17:43 IST" duration-ms="155" status="PASS">
          <params>
            <param index="0">
              <value>
                <![CDATA[100666313673]]>
              </value>
            </param>
          </params>
          <reporter-output>
          </reporter-output>
        </test-method> <!-- fetchingPaymentDetails -->
        <test-method signature="fetchingPaymentDetails(java.lang.String)[pri:0, instance:fetchPackage.ClassToFetchDetails@7674f035]" started-at="2023-11-21T15:17:43 IST" name="fetchingPaymentDetails" data-provider="fetchSubsctiptionId" finished-at="2023-11-21T15:17:43 IST" duration-ms="114" status="PASS">
          <params>
            <param index="0">
              <value>
                <![CDATA[100666353700]]>
              </value>
            </param>
          </params>
          <reporter-output>
          </reporter-output>
        </test-method> <!-- fetchingPaymentDetails -->
        <test-method signature="fetchingPaymentDetails(java.lang.String)[pri:0, instance:fetchPackage.ClassToFetchDetails@7674f035]" started-at="2023-11-21T15:17:43 IST" name="fetchingPaymentDetails" data-provider="fetchSubsctiptionId" finished-at="2023-11-21T15:17:43 IST" duration-ms="128" status="PASS">
          <params>
            <param index="0">
              <value>
                <![CDATA[100668053822]]>
              </value>
            </param>
          </params>
          <reporter-output>
          </reporter-output>
        </test-method> <!-- fetchingPaymentDetails -->
        <test-method signature="fetchingPaymentDetails(java.lang.String)[pri:0, instance:fetchPackage.ClassToFetchDetails@7674f035]" started-at="2023-11-21T15:17:43 IST" name="fetchingPaymentDetails" data-provider="fetchSubsctiptionId" finished-at="2023-11-21T15:17:43 IST" duration-ms="120" status="PASS">
          <params>
            <param index="0">
              <value>
                <![CDATA[100670093972]]>
              </value>
            </param>
          </params>
          <reporter-output>
          </reporter-output>
        </test-method> <!-- fetchingPaymentDetails -->
        <test-method signature="fetchingPaymentDetails(java.lang.String)[pri:0, instance:fetchPackage.ClassToFetchDetails@7674f035]" started-at="2023-11-21T15:17:43 IST" name="fetchingPaymentDetails" data-provider="fetchSubsctiptionId" finished-at="2023-11-21T15:17:43 IST" duration-ms="87" status="PASS">
          <params>
            <param index="0">
              <value>
                <![CDATA[100668368562]]>
              </value>
            </param>
          </params>
          <reporter-output>
          </reporter-output>
        </test-method> <!-- fetchingPaymentDetails -->
        <test-method signature="fetchingPaymentDetails(java.lang.String)[pri:0, instance:fetchPackage.ClassToFetchDetails@7674f035]" started-at="2023-11-21T15:17:43 IST" name="fetchingPaymentDetails" data-provider="fetchSubsctiptionId" finished-at="2023-11-21T15:17:43 IST" duration-ms="102" status="PASS">
          <params>
            <param index="0">
              <value>
                <![CDATA[100669684029]]>
              </value>
            </param>
          </params>
          <reporter-output>
          </reporter-output>
        </test-method> <!-- fetchingPaymentDetails -->
        <test-method signature="fetchingPaymentDetails(java.lang.String)[pri:0, instance:fetchPackage.ClassToFetchDetails@7674f035]" started-at="2023-11-21T15:17:43 IST" name="fetchingPaymentDetails" data-provider="fetchSubsctiptionId" finished-at="2023-11-21T15:17:44 IST" duration-ms="93" status="PASS">
          <params>
            <param index="0">
              <value>
                <![CDATA[100668468380]]>
              </value>
            </param>
          </params>
          <reporter-output>
          </reporter-output>
        </test-method> <!-- fetchingPaymentDetails -->
        <test-method signature="fetchingPaymentDetails(java.lang.String)[pri:0, instance:fetchPackage.ClassToFetchDetails@7674f035]" started-at="2023-11-21T15:17:44 IST" name="fetchingPaymentDetails" data-provider="fetchSubsctiptionId" finished-at="2023-11-21T15:17:44 IST" duration-ms="94" status="PASS">
          <params>
            <param index="0">
              <value>
                <![CDATA[100669153890]]>
              </value>
            </param>
          </params>
          <reporter-output>
          </reporter-output>
        </test-method> <!-- fetchingPaymentDetails -->
        <test-method signature="fetchingPaymentDetails(java.lang.String)[pri:0, instance:fetchPackage.ClassToFetchDetails@7674f035]" started-at="2023-11-21T15:17:44 IST" name="fetchingPaymentDetails" data-provider="fetchSubsctiptionId" finished-at="2023-11-21T15:17:44 IST" duration-ms="102" status="PASS">
          <params>
            <param index="0">
              <value>
                <![CDATA[100669190403]]>
              </value>
            </param>
          </params>
          <reporter-output>
          </reporter-output>
        </test-method> <!-- fetchingPaymentDetails -->
        <test-method signature="fetchingPaymentDetails(java.lang.String)[pri:0, instance:fetchPackage.ClassToFetchDetails@7674f035]" started-at="2023-11-21T15:17:44 IST" name="fetchingPaymentDetails" data-provider="fetchSubsctiptionId" finished-at="2023-11-21T15:17:44 IST" duration-ms="180" status="PASS">
          <params>
            <param index="0">
              <value>
                <![CDATA[100670575107]]>
              </value>
            </param>
          </params>
          <reporter-output>
          </reporter-output>
        </test-method> <!-- fetchingPaymentDetails -->
        <test-method signature="fetchingPaymentDetails(java.lang.String)[pri:0, instance:fetchPackage.ClassToFetchDetails@7674f035]" started-at="2023-11-21T15:17:44 IST" name="fetchingPaymentDetails" data-provider="fetchSubsctiptionId" finished-at="2023-11-21T15:17:44 IST" duration-ms="123" status="PASS">
          <params>
            <param index="0">
              <value>
                <![CDATA[100669299818]]>
              </value>
            </param>
          </params>
          <reporter-output>
          </reporter-output>
        </test-method> <!-- fetchingPaymentDetails -->
        <test-method signature="fetchingPaymentDetails(java.lang.String)[pri:0, instance:fetchPackage.ClassToFetchDetails@7674f035]" started-at="2023-11-21T15:17:44 IST" name="fetchingPaymentDetails" data-provider="fetchSubsctiptionId" finished-at="2023-11-21T15:17:44 IST" duration-ms="109" status="PASS">
          <params>
            <param index="0">
              <value>
                <![CDATA[100669290375]]>
              </value>
            </param>
          </params>
          <reporter-output>
          </reporter-output>
        </test-method> <!-- fetchingPaymentDetails -->
        <test-method signature="fetchingPaymentDetails(java.lang.String)[pri:0, instance:fetchPackage.ClassToFetchDetails@7674f035]" started-at="2023-11-21T15:17:44 IST" name="fetchingPaymentDetails" data-provider="fetchSubsctiptionId" finished-at="2023-11-21T15:17:44 IST" duration-ms="85" status="PASS">
          <params>
            <param index="0">
              <value>
                <![CDATA[100669304126]]>
              </value>
            </param>
          </params>
          <reporter-output>
          </reporter-output>
        </test-method> <!-- fetchingPaymentDetails -->
        <test-method signature="fetchingPaymentDetails(java.lang.String)[pri:0, instance:fetchPackage.ClassToFetchDetails@7674f035]" started-at="2023-11-21T15:17:44 IST" name="fetchingPaymentDetails" data-provider="fetchSubsctiptionId" finished-at="2023-11-21T15:17:44 IST" duration-ms="120" status="PASS">
          <params>
            <param index="0">
              <value>
                <![CDATA[100669825335]]>
              </value>
            </param>
          </params>
          <reporter-output>
          </reporter-output>
        </test-method> <!-- fetchingPaymentDetails -->
        <test-method signature="fetchingPaymentDetails(java.lang.String)[pri:0, instance:fetchPackage.ClassToFetchDetails@7674f035]" started-at="2023-11-21T15:17:44 IST" name="fetchingPaymentDetails" data-provider="fetchSubsctiptionId" finished-at="2023-11-21T15:17:44 IST" duration-ms="119" status="PASS">
          <params>
            <param index="0">
              <value>
                <![CDATA[100670147457]]>
              </value>
            </param>
          </params>
          <reporter-output>
          </reporter-output>
        </test-method> <!-- fetchingPaymentDetails -->
        <test-method is-config="true" signature="saveinexcel()[pri:0, instance:fetchPackage.ClassToFetchDetails@7674f035]" started-at="2023-11-21T15:17:44 IST" name="saveinexcel" finished-at="2023-11-21T15:17:46 IST" duration-ms="1724" status="PASS">
          <reporter-output>
          </reporter-output>
        </test-method> <!-- saveinexcel -->
      </class> <!-- fetchPackage.ClassToFetchDetails -->
    </test> <!-- Default test -->
  </suite> <!-- Default suite -->
</testng-results>
